This is pdfTeX, Version 3.14159265-2.6-1.40.16 (TeX Live 2015) (preloaded format=pdflatex 2015.5.24)  31 OCT 2019 11:36
entering extended mode
 restricted \write18 enabled.
 file:line:error style messages enabled.
 %&-line parsing enabled.
**Lecture-8-Interpolation.tex
(./Lecture-8-Interpolation.tex
LaTeX2e <2015/01/01>
Babel <3.9l> and hyphenation patterns for 79 languages loaded.
(/usr/local/texlive/2015/texmf-dist/tex/latex/beamer/beamer.cls
(/usr/local/texlive/2015/texmf-dist/tex/latex/beamer/beamerbasercs.sty
Package: beamerbasercs 2015/03/08 (rcs-revision 368aa9ba9d38)
)
Document Class: beamer 2015/01/05 3.36 A class for typesetting presentations (r
cs-revision 8a39122e1f63)
(/usr/local/texlive/2015/texmf-dist/tex/latex/beamer/beamerbasemodes.sty
Package: beamerbasemodes 2013/09/03 (rcs-revision 768f2d98ca64)
\beamer@tempbox=\box26
\beamer@tempcount=\count79
\c@beamerpauses=\count80

(/usr/local/texlive/2015/texmf-dist/tex/latex/beamer/beamerbasedecode.sty
Package: beamerbasedecode 2010/05/01 (rcs-revision efa082c6111d)
\beamer@slideinframe=\count81
\beamer@minimum=\count82
)
\beamer@commentbox=\box27
\beamer@modecount=\count83
)
(/usr/local/texlive/2015/texmf-dist/tex/generic/oberdiek/ifpdf.sty
Package: ifpdf 2011/01/30 v2.3 Provides the ifpdf switch (HO)
Package ifpdf Info: pdfTeX in PDF mode is detected.
)
\headheight=\dimen102
\headdp=\dimen103
\footheight=\dimen104
\sidebarheight=\dimen105
\beamer@tempdim=\dimen106
\beamer@finalheight=\dimen107
\beamer@animht=\dimen108
\beamer@animdp=\dimen109
\beamer@animwd=\dimen110
\beamer@leftmargin=\dimen111
\beamer@rightmargin=\dimen112
\beamer@leftsidebar=\dimen113
\beamer@rightsidebar=\dimen114
\beamer@boxsize=\dimen115
\beamer@vboxoffset=\dimen116
\beamer@descdefault=\dimen117
\beamer@descriptionwidth=\dimen118
\beamer@lastskip=\skip41
\beamer@areabox=\box28
\beamer@animcurrent=\box29
\beamer@animshowbox=\box30
\beamer@sectionbox=\box31
\beamer@logobox=\box32
\beamer@linebox=\box33
\beamer@sectioncount=\count84
\beamer@subsubsectionmax=\count85
\beamer@subsectionmax=\count86
\beamer@sectionmax=\count87
\beamer@totalheads=\count88
\beamer@headcounter=\count89
\beamer@partstartpage=\count90
\beamer@sectionstartpage=\count91
\beamer@subsectionstartpage=\count92
\beamer@animationtempa=\count93
\beamer@animationtempb=\count94
\beamer@xpos=\count95
\beamer@ypos=\count96
\beamer@showpartnumber=\count97
\beamer@currentsubsection=\count98
\beamer@coveringdepth=\count99
\beamer@sectionadjust=\count100
\beamer@tocsectionnumber=\count101

(/usr/local/texlive/2015/texmf-dist/tex/latex/beamer/beamerbaseoptions.sty
Package: beamerbaseoptions 2013/03/10 (rcs-revision 47431932db0d)

(/usr/local/texlive/2015/texmf-dist/tex/latex/graphics/keyval.sty
Package: keyval 2014/10/28 v1.15 key=value parser (DPC)
\KV@toks@=\toks14
))
\beamer@paperwidth=\skip42
\beamer@paperheight=\skip43

(/usr/local/texlive/2015/texmf-dist/tex/latex/geometry/geometry.sty
Package: geometry 2010/09/12 v5.6 Page Geometry

(/usr/local/texlive/2015/texmf-dist/tex/generic/oberdiek/ifvtex.sty
Package: ifvtex 2010/03/01 v1.5 Detect VTeX and its facilities (HO)
Package ifvtex Info: VTeX not detected.
)
(/usr/local/texlive/2015/texmf-dist/tex/generic/ifxetex/ifxetex.sty
Package: ifxetex 2010/09/12 v0.6 Provides ifxetex conditional
)
\Gm@cnth=\count102
\Gm@cntv=\count103
\c@Gm@tempcnt=\count104
\Gm@bindingoffset=\dimen119
\Gm@wd@mp=\dimen120
\Gm@odd@mp=\dimen121
\Gm@even@mp=\dimen122
\Gm@layoutwidth=\dimen123
\Gm@layoutheight=\dimen124
\Gm@layouthoffset=\dimen125
\Gm@layoutvoffset=\dimen126
\Gm@dimlist=\toks15
)
(/usr/local/texlive/2015/texmf-dist/tex/latex/base/size11.clo
File: size11.clo 2014/09/29 v1.4h Standard LaTeX file (size option)
)
(/usr/local/texlive/2015/texmf-dist/tex/latex/pgf/basiclayer/pgfcore.sty
(/usr/local/texlive/2015/texmf-dist/tex/latex/graphics/graphicx.sty
Package: graphicx 2014/10/28 v1.0g Enhanced LaTeX Graphics (DPC,SPQR)

(/usr/local/texlive/2015/texmf-dist/tex/latex/graphics/graphics.sty
Package: graphics 2014/10/28 v1.0p Standard LaTeX Graphics (DPC,SPQR)

(/usr/local/texlive/2015/texmf-dist/tex/latex/graphics/trig.sty
Package: trig 1999/03/16 v1.09 sin cos tan (DPC)
)
(/usr/local/texlive/2015/texmf-dist/tex/latex/latexconfig/graphics.cfg
File: graphics.cfg 2010/04/23 v1.9 graphics configuration of TeX Live
)
Package graphics Info: Driver file: pdftex.def on input line 94.

(/usr/local/texlive/2015/texmf-dist/tex/latex/pdftex-def/pdftex.def
File: pdftex.def 2011/05/27 v0.06d Graphics/color for pdfTeX

(/usr/local/texlive/2015/texmf-dist/tex/generic/oberdiek/infwarerr.sty
Package: infwarerr 2010/04/08 v1.3 Providing info/warning/error messages (HO)
)
(/usr/local/texlive/2015/texmf-dist/tex/generic/oberdiek/ltxcmds.sty
Package: ltxcmds 2011/11/09 v1.22 LaTeX kernel commands for general use (HO)
)
\Gread@gobject=\count105
))
\Gin@req@height=\dimen127
\Gin@req@width=\dimen128
)
(/usr/local/texlive/2015/texmf-dist/tex/latex/pgf/systemlayer/pgfsys.sty
(/usr/local/texlive/2015/texmf-dist/tex/latex/pgf/utilities/pgfrcs.sty
(/usr/local/texlive/2015/texmf-dist/tex/generic/pgf/utilities/pgfutil-common.te
x
\pgfutil@everybye=\toks16
\pgfutil@tempdima=\dimen129
\pgfutil@tempdimb=\dimen130

(/usr/local/texlive/2015/texmf-dist/tex/generic/pgf/utilities/pgfutil-common-li
sts.tex))
(/usr/local/texlive/2015/texmf-dist/tex/generic/pgf/utilities/pgfutil-latex.def
\pgfutil@abb=\box34
(/usr/local/texlive/2015/texmf-dist/tex/latex/ms/everyshi.sty
Package: everyshi 2001/05/15 v3.00 EveryShipout Package (MS)
))
(/usr/local/texlive/2015/texmf-dist/tex/generic/pgf/utilities/pgfrcs.code.tex
Package: pgfrcs 2013/12/20 v3.0.0 (rcs-revision 1.28)
))
(/usr/local/texlive/2015/texmf-dist/tex/generic/pgf/systemlayer/pgfsys.code.tex
Package: pgfsys 2013/11/30 v3.0.0 (rcs-revision 1.47)
(/usr/local/texlive/2015/texmf-dist/tex/generic/pgf/utilities/pgfkeys.code.tex
\pgfkeys@pathtoks=\toks17
\pgfkeys@temptoks=\toks18

(/usr/local/texlive/2015/texmf-dist/tex/generic/pgf/utilities/pgfkeysfiltered.c
ode.tex
\pgfkeys@tmptoks=\toks19
))
\pgf@x=\dimen131
\pgf@y=\dimen132
\pgf@xa=\dimen133
\pgf@ya=\dimen134
\pgf@xb=\dimen135
\pgf@yb=\dimen136
\pgf@xc=\dimen137
\pgf@yc=\dimen138
\w@pgf@writea=\write3
\r@pgf@reada=\read1
\c@pgf@counta=\count106
\c@pgf@countb=\count107
\c@pgf@countc=\count108
\c@pgf@countd=\count109
\t@pgf@toka=\toks20
\t@pgf@tokb=\toks21
\t@pgf@tokc=\toks22

(/usr/local/texlive/2015/texmf-dist/tex/generic/pgf/systemlayer/pgf.cfg
File: pgf.cfg 2008/05/14  (rcs-revision 1.7)
)
Driver file for pgf: pgfsys-pdftex.def

(/usr/local/texlive/2015/texmf-dist/tex/generic/pgf/systemlayer/pgfsys-pdftex.d
ef
File: pgfsys-pdftex.def 2013/07/18  (rcs-revision 1.33)

(/usr/local/texlive/2015/texmf-dist/tex/generic/pgf/systemlayer/pgfsys-common-p
df.def
File: pgfsys-common-pdf.def 2013/10/10  (rcs-revision 1.13)
)))
(/usr/local/texlive/2015/texmf-dist/tex/generic/pgf/systemlayer/pgfsyssoftpath.
code.tex
File: pgfsyssoftpath.code.tex 2013/09/09  (rcs-revision 1.9)
\pgfsyssoftpath@smallbuffer@items=\count110
\pgfsyssoftpath@bigbuffer@items=\count111
)
(/usr/local/texlive/2015/texmf-dist/tex/generic/pgf/systemlayer/pgfsysprotocol.
code.tex
File: pgfsysprotocol.code.tex 2006/10/16  (rcs-revision 1.4)
)) (/usr/local/texlive/2015/texmf-dist/tex/latex/xcolor/xcolor.sty
Package: xcolor 2007/01/21 v2.11 LaTeX color extensions (UK)

(/usr/local/texlive/2015/texmf-dist/tex/latex/latexconfig/color.cfg
File: color.cfg 2007/01/18 v1.5 color configuration of teTeX/TeXLive
)
Package xcolor Info: Driver file: pdftex.def on input line 225.
Package xcolor Info: Model `cmy' substituted by `cmy0' on input line 1337.
Package xcolor Info: Model `hsb' substituted by `rgb' on input line 1341.
Package xcolor Info: Model `RGB' extended on input line 1353.
Package xcolor Info: Model `HTML' substituted by `rgb' on input line 1355.
Package xcolor Info: Model `Hsb' substituted by `hsb' on input line 1356.
Package xcolor Info: Model `tHsb' substituted by `hsb' on input line 1357.
Package xcolor Info: Model `HSB' substituted by `hsb' on input line 1358.
Package xcolor Info: Model `Gray' substituted by `gray' on input line 1359.
Package xcolor Info: Model `wave' substituted by `hsb' on input line 1360.
)
(/usr/local/texlive/2015/texmf-dist/tex/generic/pgf/basiclayer/pgfcore.code.tex
Package: pgfcore 2010/04/11 v3.0.0 (rcs-revision 1.7)
(/usr/local/texlive/2015/texmf-dist/tex/generic/pgf/math/pgfmath.code.tex
(/usr/local/texlive/2015/texmf-dist/tex/generic/pgf/math/pgfmathcalc.code.tex
(/usr/local/texlive/2015/texmf-dist/tex/generic/pgf/math/pgfmathutil.code.tex)
(/usr/local/texlive/2015/texmf-dist/tex/generic/pgf/math/pgfmathparser.code.tex
\pgfmath@dimen=\dimen139
\pgfmath@count=\count112
\pgfmath@box=\box35
\pgfmath@toks=\toks23
\pgfmath@stack@operand=\toks24
\pgfmath@stack@operation=\toks25
)
(/usr/local/texlive/2015/texmf-dist/tex/generic/pgf/math/pgfmathfunctions.code.
tex
(/usr/local/texlive/2015/texmf-dist/tex/generic/pgf/math/pgfmathfunctions.basic
.code.tex)
(/usr/local/texlive/2015/texmf-dist/tex/generic/pgf/math/pgfmathfunctions.trigo
nometric.code.tex)
(/usr/local/texlive/2015/texmf-dist/tex/generic/pgf/math/pgfmathfunctions.rando
m.code.tex)
(/usr/local/texlive/2015/texmf-dist/tex/generic/pgf/math/pgfmathfunctions.compa
rison.code.tex)
(/usr/local/texlive/2015/texmf-dist/tex/generic/pgf/math/pgfmathfunctions.base.
code.tex)
(/usr/local/texlive/2015/texmf-dist/tex/generic/pgf/math/pgfmathfunctions.round
.code.tex)
(/usr/local/texlive/2015/texmf-dist/tex/generic/pgf/math/pgfmathfunctions.misc.
code.tex)
(/usr/local/texlive/2015/texmf-dist/tex/generic/pgf/math/pgfmathfunctions.integ
erarithmetics.code.tex)))
(/usr/local/texlive/2015/texmf-dist/tex/generic/pgf/math/pgfmathfloat.code.tex
\c@pgfmathroundto@lastzeros=\count113
))
(/usr/local/texlive/2015/texmf-dist/tex/generic/pgf/basiclayer/pgfcorepoints.co
de.tex
File: pgfcorepoints.code.tex 2013/10/07  (rcs-revision 1.27)
\pgf@picminx=\dimen140
\pgf@picmaxx=\dimen141
\pgf@picminy=\dimen142
\pgf@picmaxy=\dimen143
\pgf@pathminx=\dimen144
\pgf@pathmaxx=\dimen145
\pgf@pathminy=\dimen146
\pgf@pathmaxy=\dimen147
\pgf@xx=\dimen148
\pgf@xy=\dimen149
\pgf@yx=\dimen150
\pgf@yy=\dimen151
\pgf@zx=\dimen152
\pgf@zy=\dimen153
)
(/usr/local/texlive/2015/texmf-dist/tex/generic/pgf/basiclayer/pgfcorepathconst
ruct.code.tex
File: pgfcorepathconstruct.code.tex 2013/10/07  (rcs-revision 1.29)
\pgf@path@lastx=\dimen154
\pgf@path@lasty=\dimen155
)
(/usr/local/texlive/2015/texmf-dist/tex/generic/pgf/basiclayer/pgfcorepathusage
.code.tex
File: pgfcorepathusage.code.tex 2013/12/13  (rcs-revision 1.23)
\pgf@shorten@end@additional=\dimen156
\pgf@shorten@start@additional=\dimen157
)
(/usr/local/texlive/2015/texmf-dist/tex/generic/pgf/basiclayer/pgfcorescopes.co
de.tex
File: pgfcorescopes.code.tex 2013/10/09  (rcs-revision 1.44)
\pgfpic=\box36
\pgf@hbox=\box37
\pgf@layerbox@main=\box38
\pgf@picture@serial@count=\count114
)
(/usr/local/texlive/2015/texmf-dist/tex/generic/pgf/basiclayer/pgfcoregraphicst
ate.code.tex
File: pgfcoregraphicstate.code.tex 2013/09/19  (rcs-revision 1.11)
\pgflinewidth=\dimen158
)
(/usr/local/texlive/2015/texmf-dist/tex/generic/pgf/basiclayer/pgfcoretransform
ations.code.tex
File: pgfcoretransformations.code.tex 2013/10/10  (rcs-revision 1.17)
\pgf@pt@x=\dimen159
\pgf@pt@y=\dimen160
\pgf@pt@temp=\dimen161
)
(/usr/local/texlive/2015/texmf-dist/tex/generic/pgf/basiclayer/pgfcorequick.cod
e.tex
File: pgfcorequick.code.tex 2008/10/09  (rcs-revision 1.3)
)
(/usr/local/texlive/2015/texmf-dist/tex/generic/pgf/basiclayer/pgfcoreobjects.c
ode.tex
File: pgfcoreobjects.code.tex 2006/10/11  (rcs-revision 1.2)
)
(/usr/local/texlive/2015/texmf-dist/tex/generic/pgf/basiclayer/pgfcorepathproce
ssing.code.tex
File: pgfcorepathprocessing.code.tex 2013/09/09  (rcs-revision 1.9)
)
(/usr/local/texlive/2015/texmf-dist/tex/generic/pgf/basiclayer/pgfcorearrows.co
de.tex
File: pgfcorearrows.code.tex 2013/11/07  (rcs-revision 1.40)
\pgfarrowsep=\dimen162
)
(/usr/local/texlive/2015/texmf-dist/tex/generic/pgf/basiclayer/pgfcoreshade.cod
e.tex
File: pgfcoreshade.code.tex 2013/07/15  (rcs-revision 1.15)
\pgf@max=\dimen163
\pgf@sys@shading@range@num=\count115
)
(/usr/local/texlive/2015/texmf-dist/tex/generic/pgf/basiclayer/pgfcoreimage.cod
e.tex
File: pgfcoreimage.code.tex 2013/07/15  (rcs-revision 1.18)

(/usr/local/texlive/2015/texmf-dist/tex/generic/pgf/basiclayer/pgfcoreexternal.
code.tex
File: pgfcoreexternal.code.tex 2013/07/15  (rcs-revision 1.20)
\pgfexternal@startupbox=\box39
))
(/usr/local/texlive/2015/texmf-dist/tex/generic/pgf/basiclayer/pgfcorelayers.co
de.tex
File: pgfcorelayers.code.tex 2013/07/18  (rcs-revision 1.7)
)
(/usr/local/texlive/2015/texmf-dist/tex/generic/pgf/basiclayer/pgfcoretranspare
ncy.code.tex
File: pgfcoretransparency.code.tex 2013/09/30  (rcs-revision 1.5)
)
(/usr/local/texlive/2015/texmf-dist/tex/generic/pgf/basiclayer/pgfcorepatterns.
code.tex
File: pgfcorepatterns.code.tex 2013/11/07  (rcs-revision 1.5)
)))
(/usr/local/texlive/2015/texmf-dist/tex/latex/pgf/utilities/xxcolor.sty
Package: xxcolor 2003/10/24 ver 0.1
\XC@nummixins=\count116
\XC@countmixins=\count117
)
(/usr/local/texlive/2015/texmf-dist/tex/generic/oberdiek/atbegshi.sty
Package: atbegshi 2011/10/05 v1.16 At begin shipout hook (HO)
)
(/usr/local/texlive/2015/texmf-dist/tex/latex/hyperref/hyperref.sty
Package: hyperref 2012/11/06 v6.83m Hypertext links for LaTeX

(/usr/local/texlive/2015/texmf-dist/tex/generic/oberdiek/hobsub-hyperref.sty
Package: hobsub-hyperref 2012/05/28 v1.13 Bundle oberdiek, subset hyperref (HO)


(/usr/local/texlive/2015/texmf-dist/tex/generic/oberdiek/hobsub-generic.sty
Package: hobsub-generic 2012/05/28 v1.13 Bundle oberdiek, subset generic (HO)
Package: hobsub 2012/05/28 v1.13 Construct package bundles (HO)
Package hobsub Info: Skipping package `infwarerr' (already loaded).
Package hobsub Info: Skipping package `ltxcmds' (already loaded).
Package: ifluatex 2010/03/01 v1.3 Provides the ifluatex switch (HO)
Package ifluatex Info: LuaTeX not detected.
Package hobsub Info: Skipping package `ifvtex' (already loaded).
Package: intcalc 2007/09/27 v1.1 Expandable calculations with integers (HO)
Package hobsub Info: Skipping package `ifpdf' (already loaded).
Package: etexcmds 2011/02/16 v1.5 Avoid name clashes with e-TeX commands (HO)
Package etexcmds Info: Could not find \expanded.
(etexcmds)             That can mean that you are not using pdfTeX 1.50 or
(etexcmds)             that some package has redefined \expanded.
(etexcmds)             In the latter case, load this package earlier.
Package: kvsetkeys 2012/04/25 v1.16 Key value parser (HO)
Package: kvdefinekeys 2011/04/07 v1.3 Define keys (HO)
Package: pdftexcmds 2011/11/29 v0.20 Utility functions of pdfTeX for LuaTeX (HO
)
Package pdftexcmds Info: LuaTeX not detected.
Package pdftexcmds Info: \pdf@primitive is available.
Package pdftexcmds Info: \pdf@ifprimitive is available.
Package pdftexcmds Info: \pdfdraftmode found.
Package: pdfescape 2011/11/25 v1.13 Implements pdfTeX's escape features (HO)
Package: bigintcalc 2012/04/08 v1.3 Expandable calculations on big integers (HO
)
Package: bitset 2011/01/30 v1.1 Handle bit-vector datatype (HO)
Package: uniquecounter 2011/01/30 v1.2 Provide unlimited unique counter (HO)
)
Package hobsub Info: Skipping package `hobsub' (already loaded).
Package: letltxmacro 2010/09/02 v1.4 Let assignment for LaTeX macros (HO)
Package: hopatch 2012/05/28 v1.2 Wrapper for package hooks (HO)
Package: xcolor-patch 2011/01/30 xcolor patch
Package: atveryend 2011/06/30 v1.8 Hooks at the very end of document (HO)
Package atveryend Info: \enddocument detected (standard20110627).
Package hobsub Info: Skipping package `atbegshi' (already loaded).
Package: refcount 2011/10/16 v3.4 Data extraction from label references (HO)
Package: hycolor 2011/01/30 v1.7 Color options for hyperref/bookmark (HO)
)
(/usr/local/texlive/2015/texmf-dist/tex/latex/oberdiek/auxhook.sty
Package: auxhook 2011/03/04 v1.3 Hooks for auxiliary files (HO)
)
(/usr/local/texlive/2015/texmf-dist/tex/latex/oberdiek/kvoptions.sty
Package: kvoptions 2011/06/30 v3.11 Key value format for package options (HO)
)
\@linkdim=\dimen164
\Hy@linkcounter=\count118
\Hy@pagecounter=\count119

(/usr/local/texlive/2015/texmf-dist/tex/latex/hyperref/pd1enc.def
File: pd1enc.def 2012/11/06 v6.83m Hyperref: PDFDocEncoding definition (HO)
)
\Hy@SavedSpaceFactor=\count120

(/usr/local/texlive/2015/texmf-dist/tex/latex/latexconfig/hyperref.cfg
File: hyperref.cfg 2002/06/06 v1.2 hyperref configuration of TeXLive
)
Package hyperref Info: Option `bookmarks' set `true' on input line 4319.
Package hyperref Info: Option `bookmarksopen' set `true' on input line 4319.
Package hyperref Info: Option `implicit' set `false' on input line 4319.
Package hyperref Info: Hyper figures OFF on input line 4443.
Package hyperref Info: Link nesting OFF on input line 4448.
Package hyperref Info: Hyper index ON on input line 4451.
Package hyperref Info: Plain pages OFF on input line 4458.
Package hyperref Info: Backreferencing OFF on input line 4463.
Package hyperref Info: Implicit mode OFF; no redefinition of LaTeX internals.
Package hyperref Info: Bookmarks ON on input line 4688.
\c@Hy@tempcnt=\count121

(/usr/local/texlive/2015/texmf-dist/tex/latex/url/url.sty
\Urlmuskip=\muskip10
Package: url 2013/09/16  ver 3.4  Verb mode for urls, etc.
)
LaTeX Info: Redefining \url on input line 5041.
\XeTeXLinkMargin=\dimen165
\Fld@menulength=\count122
\Field@Width=\dimen166
\Fld@charsize=\dimen167
Package hyperref Info: Hyper figures OFF on input line 6295.
Package hyperref Info: Link nesting OFF on input line 6300.
Package hyperref Info: Hyper index ON on input line 6303.
Package hyperref Info: backreferencing OFF on input line 6310.
Package hyperref Info: Link coloring OFF on input line 6315.
Package hyperref Info: Link coloring with OCG OFF on input line 6320.
Package hyperref Info: PDF/A mode OFF on input line 6325.
LaTeX Info: Redefining \ref on input line 6365.
LaTeX Info: Redefining \pageref on input line 6369.
\Hy@abspage=\count123


Package hyperref Message: Stopped early.

)

Package hyperref Message: Driver (autodetected): hpdftex.

(/usr/local/texlive/2015/texmf-dist/tex/latex/hyperref/hpdftex.def
File: hpdftex.def 2012/11/06 v6.83m Hyperref driver for pdfTeX
\Fld@listcount=\count124
\c@bookmark@seq@number=\count125

(/usr/local/texlive/2015/texmf-dist/tex/latex/oberdiek/rerunfilecheck.sty
Package: rerunfilecheck 2011/04/15 v1.7 Rerun checks for auxiliary files (HO)
Package uniquecounter Info: New unique counter `rerunfilecheck' on input line 2
82.
))
(/usr/local/texlive/2015/texmf-dist/tex/latex/beamer/beamerbaserequires.sty
Package: beamerbaserequires 2010/05/01  (rcs-revision efa082c6111d)

(/usr/local/texlive/2015/texmf-dist/tex/latex/beamer/beamerbasecompatibility.st
y
Package: beamerbasecompatibility 2012/05/01  (rcs-revision 67c48b3b652d)
) (/usr/local/texlive/2015/texmf-dist/tex/latex/beamer/beamerbasefont.sty
Package: beamerbasefont 2015/01/05  (rcs-revision b4b4bee242e2)

(/usr/local/texlive/2015/texmf-dist/tex/latex/amsfonts/amssymb.sty
Package: amssymb 2013/01/14 v3.01 AMS font symbols

(/usr/local/texlive/2015/texmf-dist/tex/latex/amsfonts/amsfonts.sty
Package: amsfonts 2013/01/14 v3.01 Basic AMSFonts support
\@emptytoks=\toks26
\symAMSa=\mathgroup4
\symAMSb=\mathgroup5
LaTeX Font Info:    Overwriting math alphabet `\mathfrak' in version `bold'
(Font)                  U/euf/m/n --> U/euf/b/n on input line 106.
))
(/usr/local/texlive/2015/texmf-dist/tex/latex/sansmathaccent/sansmathaccent.sty
Package: sansmathaccent 2013/03/28
(/usr/local/texlive/2015/texmf-dist/tex/latex/filehook/filehook.sty
Package: filehook 2011/10/12 v0.5d Hooks for input files
)))
(/usr/local/texlive/2015/texmf-dist/tex/latex/beamer/beamerbasetranslator.sty
Package: beamerbasetranslator 2010/06/11  (rcs-revision 85fd1cc7fc42)

(/usr/local/texlive/2015/texmf-dist/tex/latex/beamer/translator/translator.sty
Package: translator 2010/06/12 ver 1.10

(/usr/local/texlive/2015/texmf-dist/tex/latex/beamer/translator/translator-lang
uage-mappings.tex)))
(/usr/local/texlive/2015/texmf-dist/tex/latex/beamer/beamerbasemisc.sty
Package: beamerbasemisc 2013/09/03  (rcs-revision a55719c41d85)
)
(/usr/local/texlive/2015/texmf-dist/tex/latex/beamer/beamerbasetwoscreens.sty
Package: beamerbasetwoscreens 2010/05/01  (rcs-revision efa082c6111d)
)
(/usr/local/texlive/2015/texmf-dist/tex/latex/beamer/beamerbaseoverlay.sty
Package: beamerbaseoverlay 2013/12/25  (rcs-revision f6bd5e3805da)
\beamer@argscount=\count126
\beamer@lastskipcover=\skip44
\beamer@trivlistdepth=\count127
)
(/usr/local/texlive/2015/texmf-dist/tex/latex/beamer/beamerbasetitle.sty
Package: beamerbasetitle 2010/09/21  (rcs-revision f0446ed0b6ae)
)
(/usr/local/texlive/2015/texmf-dist/tex/latex/beamer/beamerbasesection.sty
Package: beamerbasesection 2013/06/07  (rcs-revision 60b9fe0f342f)
\c@lecture=\count128
\c@part=\count129
\c@section=\count130
\c@subsection=\count131
\c@subsubsection=\count132
)
(/usr/local/texlive/2015/texmf-dist/tex/latex/beamer/beamerbaseframe.sty
Package: beamerbaseframe 2014/02/20  (rcs-revision 4b8ceeeff434)
\beamer@framebox=\box40
\beamer@frametitlebox=\box41
\beamer@zoombox=\box42
\beamer@zoomcount=\count133
\beamer@zoomframecount=\count134
\beamer@frametextheight=\dimen168
\c@subsectionslide=\count135
\beamer@frametopskip=\skip45
\beamer@framebottomskip=\skip46
\beamer@frametopskipautobreak=\skip47
\beamer@framebottomskipautobreak=\skip48
\beamer@envbody=\toks27
\framewidth=\dimen169
\c@framenumber=\count136
)
(/usr/local/texlive/2015/texmf-dist/tex/latex/beamer/beamerbaseverbatim.sty
Package: beamerbaseverbatim 2015/01/05  (rcs-revision 431510bb5890)
\beamer@verbatimfileout=\write4
)
(/usr/local/texlive/2015/texmf-dist/tex/latex/beamer/beamerbaseframesize.sty
Package: beamerbaseframesize 2011/09/12  (rcs-revision 70f9d8411e54)
\beamer@splitbox=\box43
\beamer@autobreakcount=\count137
\beamer@autobreaklastheight=\dimen170
\beamer@frametitletoks=\toks28
\beamer@framesubtitletoks=\toks29
)
(/usr/local/texlive/2015/texmf-dist/tex/latex/beamer/beamerbaseframecomponents.
sty
Package: beamerbaseframecomponents 2013/10/18  (rcs-revision 5cf6c5555a45)
\beamer@footins=\box44
) (/usr/local/texlive/2015/texmf-dist/tex/latex/beamer/beamerbasecolor.sty
Package: beamerbasecolor 2015/02/21  (rcs-revision d944b04ee2d5)
)
(/usr/local/texlive/2015/texmf-dist/tex/latex/beamer/beamerbasenotes.sty
Package: beamerbasenotes 2012/12/19  (rcs-revision 1686da3db3c9)
\beamer@frameboxcopy=\box45
)
(/usr/local/texlive/2015/texmf-dist/tex/latex/beamer/beamerbasetoc.sty
Package: beamerbasetoc 2015/03/08  (rcs-revision 7270298bbaae)
)
(/usr/local/texlive/2015/texmf-dist/tex/latex/beamer/beamerbasetemplates.sty
Package: beamerbasetemplates 2010/05/01  (rcs-revision efa082c6111d)
\beamer@sbttoks=\toks30

(/usr/local/texlive/2015/texmf-dist/tex/latex/beamer/beamerbaseauxtemplates.sty
Package: beamerbaseauxtemplates 2014/06/30  (rcs-revision 580088513a67)
(/usr/local/texlive/2015/texmf-dist/tex/latex/beamer/beamerbaseboxes.sty
Package: beamerbaseboxes 2012/05/13  (rcs-revision 56972908a390)
\bmb@box=\box46
\bmb@colorbox=\box47
\bmb@boxshadow=\box48
\bmb@boxshadowball=\box49
\bmb@boxshadowballlarge=\box50
\bmb@temp=\dimen171
\bmb@dima=\dimen172
\bmb@dimb=\dimen173
\bmb@prevheight=\dimen174
)
\beamer@blockheadheight=\dimen175
))
(/usr/local/texlive/2015/texmf-dist/tex/latex/beamer/beamerbaselocalstructure.s
ty
Package: beamerbaselocalstructure 2014/09/10  (rcs-revision 393f6dcff371)
 (/usr/local/texlive/2015/texmf-dist/tex/latex/tools/enumerate.sty
Package: enumerate 2014/10/28 v3.00 enumerate extensions (DPC)
\@enLab=\toks31
)
\c@figure=\count138
\c@table=\count139
\abovecaptionskip=\skip49
\belowcaptionskip=\skip50
)
(/usr/local/texlive/2015/texmf-dist/tex/latex/beamer/beamerbasenavigation.sty
Package: beamerbasenavigation 2015/02/27  (rcs-revision 923f4bf87efa)
\beamer@section@min@dim=\dimen176
)
(/usr/local/texlive/2015/texmf-dist/tex/latex/beamer/beamerbasetheorems.sty
Package: beamerbasetheorems 2010/06/06  (rcs-revision 7e7cc5e53e9d)

(/usr/local/texlive/2015/texmf-dist/tex/latex/amsmath/amsmath.sty
Package: amsmath 2013/01/14 v2.14 AMS math features
\@mathmargin=\skip51

For additional information on amsmath, use the `?' option.
(/usr/local/texlive/2015/texmf-dist/tex/latex/amsmath/amstext.sty
Package: amstext 2000/06/29 v2.01

(/usr/local/texlive/2015/texmf-dist/tex/latex/amsmath/amsgen.sty
File: amsgen.sty 1999/11/30 v2.0
\@emptytoks=\toks32
\ex@=\dimen177
))
(/usr/local/texlive/2015/texmf-dist/tex/latex/amsmath/amsbsy.sty
Package: amsbsy 1999/11/29 v1.2d
\pmbraise@=\dimen178
)
(/usr/local/texlive/2015/texmf-dist/tex/latex/amsmath/amsopn.sty
Package: amsopn 1999/12/14 v2.01 operator names
)
\inf@bad=\count140
LaTeX Info: Redefining \frac on input line 210.
\uproot@=\count141
\leftroot@=\count142
LaTeX Info: Redefining \overline on input line 306.
\classnum@=\count143
\DOTSCASE@=\count144
LaTeX Info: Redefining \ldots on input line 378.
LaTeX Info: Redefining \dots on input line 381.
LaTeX Info: Redefining \cdots on input line 466.
\Mathstrutbox@=\box51
\strutbox@=\box52
\big@size=\dimen179
LaTeX Font Info:    Redeclaring font encoding OML on input line 566.
LaTeX Font Info:    Redeclaring font encoding OMS on input line 567.
\macc@depth=\count145
\c@MaxMatrixCols=\count146
\dotsspace@=\muskip11
\c@parentequation=\count147
\dspbrk@lvl=\count148
\tag@help=\toks33
\row@=\count149
\column@=\count150
\maxfields@=\count151
\andhelp@=\toks34
\eqnshift@=\dimen180
\alignsep@=\dimen181
\tagshift@=\dimen182
\tagwidth@=\dimen183
\totwidth@=\dimen184
\lineht@=\dimen185
\@envbody=\toks35
\multlinegap=\skip52
\multlinetaggap=\skip53
\mathdisplay@stack=\toks36
LaTeX Info: Redefining \[ on input line 2665.
LaTeX Info: Redefining \] on input line 2666.
)
(/usr/local/texlive/2015/texmf-dist/tex/latex/amscls/amsthm.sty
Package: amsthm 2015/03/04 v2.20.2
\thm@style=\toks37
\thm@bodyfont=\toks38
\thm@headfont=\toks39
\thm@notefont=\toks40
\thm@headpunct=\toks41
\thm@preskip=\skip54
\thm@postskip=\skip55
\thm@headsep=\skip56
\dth@everypar=\toks42
)
\c@theorem=\count152
)
(/usr/local/texlive/2015/texmf-dist/tex/latex/beamer/beamerbasethemes.sty
Package: beamerbasethemes 2010/05/01  (rcs-revision efa082c6111d)
))
(/usr/local/texlive/2015/texmf-dist/tex/latex/beamer/themes/theme/beamerthemede
fault.sty
Package: beamerthemedefault 2010/06/17  (rcs-revision d02a7cf4d8ae)

(/usr/local/texlive/2015/texmf-dist/tex/latex/beamer/themes/font/beamerfontthem
edefault.sty
Package: beamerfontthemedefault 2012/12/19  (rcs-revision 1686da3db3c9)
)
(/usr/local/texlive/2015/texmf-dist/tex/latex/beamer/themes/color/beamercolorth
emedefault.sty
Package: beamercolorthemedefault 2012/12/19  (rcs-revision 1686da3db3c9)
)
(/usr/local/texlive/2015/texmf-dist/tex/latex/beamer/themes/inner/beamerinnerth
emedefault.sty
Package: beamerinnerthemedefault 2014/06/30  (rcs-revision 580088513a67)
\beamer@dima=\dimen186
\beamer@dimb=\dimen187
)
(/usr/local/texlive/2015/texmf-dist/tex/latex/beamer/themes/outer/beamerouterth
emedefault.sty
Package: beamerouterthemedefault 2012/12/19  (rcs-revision 1686da3db3c9)
)))
(/usr/local/texlive/2015/texmf-dist/tex/latex/pgf/frontendlayer/tikz.sty
(/usr/local/texlive/2015/texmf-dist/tex/latex/pgf/basiclayer/pgf.sty
Package: pgf 2013/12/18 v3.0.0 (rcs-revision 1.14)

(/usr/local/texlive/2015/texmf-dist/tex/generic/pgf/modules/pgfmoduleshapes.cod
e.tex
File: pgfmoduleshapes.code.tex 2013/10/31  (rcs-revision 1.34)
\pgfnodeparttextbox=\box53
)
(/usr/local/texlive/2015/texmf-dist/tex/generic/pgf/modules/pgfmoduleplot.code.
tex
File: pgfmoduleplot.code.tex 2013/07/31  (rcs-revision 1.12)
)
(/usr/local/texlive/2015/texmf-dist/tex/latex/pgf/compatibility/pgfcomp-version
-0-65.sty
Package: pgfcomp-version-0-65 2007/07/03 v3.0.0 (rcs-revision 1.7)
\pgf@nodesepstart=\dimen188
\pgf@nodesepend=\dimen189
)
(/usr/local/texlive/2015/texmf-dist/tex/latex/pgf/compatibility/pgfcomp-version
-1-18.sty
Package: pgfcomp-version-1-18 2007/07/23 v3.0.0 (rcs-revision 1.1)
))
(/usr/local/texlive/2015/texmf-dist/tex/latex/pgf/utilities/pgffor.sty
(/usr/local/texlive/2015/texmf-dist/tex/latex/pgf/utilities/pgfkeys.sty
(/usr/local/texlive/2015/texmf-dist/tex/generic/pgf/utilities/pgfkeys.code.tex)
) (/usr/local/texlive/2015/texmf-dist/tex/latex/pgf/math/pgfmath.sty
(/usr/local/texlive/2015/texmf-dist/tex/generic/pgf/math/pgfmath.code.tex))
(/usr/local/texlive/2015/texmf-dist/tex/generic/pgf/utilities/pgffor.code.tex
Package: pgffor 2013/12/13 v3.0.0 (rcs-revision 1.25)

(/usr/local/texlive/2015/texmf-dist/tex/generic/pgf/math/pgfmath.code.tex)
\pgffor@iter=\dimen190
\pgffor@skip=\dimen191
\pgffor@stack=\toks43
\pgffor@toks=\toks44
))
(/usr/local/texlive/2015/texmf-dist/tex/generic/pgf/frontendlayer/tikz/tikz.cod
e.tex
Package: tikz 2013/12/13 v3.0.0 (rcs-revision 1.142)

(/usr/local/texlive/2015/texmf-dist/tex/generic/pgf/libraries/pgflibraryplothan
dlers.code.tex
File: pgflibraryplothandlers.code.tex 2013/08/31 v3.0.0 (rcs-revision 1.20)
\pgf@plot@mark@count=\count153
\pgfplotmarksize=\dimen192
)
\tikz@lastx=\dimen193
\tikz@lasty=\dimen194
\tikz@lastxsaved=\dimen195
\tikz@lastysaved=\dimen196
\tikzleveldistance=\dimen197
\tikzsiblingdistance=\dimen198
\tikz@figbox=\box54
\tikz@figbox@bg=\box55
\tikz@tempbox=\box56
\tikz@tempbox@bg=\box57
\tikztreelevel=\count154
\tikznumberofchildren=\count155
\tikznumberofcurrentchild=\count156
\tikz@fig@count=\count157

(/usr/local/texlive/2015/texmf-dist/tex/generic/pgf/modules/pgfmodulematrix.cod
e.tex
File: pgfmodulematrix.code.tex 2013/09/17  (rcs-revision 1.8)
\pgfmatrixcurrentrow=\count158
\pgfmatrixcurrentcolumn=\count159
\pgf@matrix@numberofcolumns=\count160
)
\tikz@expandcount=\count161

(/usr/local/texlive/2015/texmf-dist/tex/generic/pgf/frontendlayer/tikz/librarie
s/tikzlibrarytopaths.code.tex
File: tikzlibrarytopaths.code.tex 2008/06/17 v3.0.0 (rcs-revision 1.2)
)))
(/usr/local/texlive/2015/texmf-dist/tex/generic/pgf/frontendlayer/tikz/librarie
s/tikzlibraryshapes.code.tex
File: tikzlibraryshapes.code.tex 2008/01/09 v3.0.0 (rcs-revision 1.1)

(/usr/local/texlive/2015/texmf-dist/tex/generic/pgf/frontendlayer/tikz/librarie
s/tikzlibraryshapes.geometric.code.tex
File: tikzlibraryshapes.geometric.code.tex 2008/01/09 v3.0.0 (rcs-revision 1.1)


(/usr/local/texlive/2015/texmf-dist/tex/generic/pgf/libraries/shapes/pgflibrary
shapes.geometric.code.tex
File: pgflibraryshapes.geometric.code.tex 2008/06/26 v3.0.0 (rcs-revision 1.1)
))
(/usr/local/texlive/2015/texmf-dist/tex/generic/pgf/frontendlayer/tikz/librarie
s/tikzlibraryshapes.misc.code.tex
File: tikzlibraryshapes.misc.code.tex 2008/01/09 v3.0.0 (rcs-revision 1.1)

(/usr/local/texlive/2015/texmf-dist/tex/generic/pgf/libraries/shapes/pgflibrary
shapes.misc.code.tex
File: pgflibraryshapes.misc.code.tex 2013/07/18 v3.0.0 (rcs-revision 1.5)
))
(/usr/local/texlive/2015/texmf-dist/tex/generic/pgf/frontendlayer/tikz/librarie
s/tikzlibraryshapes.symbols.code.tex
File: tikzlibraryshapes.symbols.code.tex 2008/01/09 v3.0.0 (rcs-revision 1.1)

(/usr/local/texlive/2015/texmf-dist/tex/generic/pgf/libraries/shapes/pgflibrary
shapes.symbols.code.tex
File: pgflibraryshapes.symbols.code.tex 2013/09/11 v3.0.0 (rcs-revision 1.6)
))
(/usr/local/texlive/2015/texmf-dist/tex/generic/pgf/frontendlayer/tikz/librarie
s/tikzlibraryshapes.arrows.code.tex
File: tikzlibraryshapes.arrows.code.tex 2008/01/09 v3.0.0 (rcs-revision 1.1)

(/usr/local/texlive/2015/texmf-dist/tex/generic/pgf/libraries/shapes/pgflibrary
shapes.arrows.code.tex
File: pgflibraryshapes.arrows.code.tex 2008/06/26 v3.0.0 (rcs-revision 1.1)
))
(/usr/local/texlive/2015/texmf-dist/tex/generic/pgf/frontendlayer/tikz/librarie
s/tikzlibraryshapes.callouts.code.tex
(/usr/local/texlive/2015/texmf-dist/tex/generic/pgf/libraries/shapes/pgflibrary
shapes.callouts.code.tex))
(/usr/local/texlive/2015/texmf-dist/tex/generic/pgf/frontendlayer/tikz/librarie
s/tikzlibraryshapes.multipart.code.tex
File: tikzlibraryshapes.multipart.code.tex 2008/01/09 v3.0.0 (rcs-revision 1.1)


(/usr/local/texlive/2015/texmf-dist/tex/generic/pgf/libraries/shapes/pgflibrary
shapes.multipart.code.tex
File: pgflibraryshapes.multipart.code.tex 2010/01/07 v3.0.0 (rcs-revision 1.2)
\pgfnodepartlowerbox=\box58
\pgfnodeparttwobox=\box59
\pgfnodepartthreebox=\box60
\pgfnodepartfourbox=\box61
\pgfnodeparttwentybox=\box62
\pgfnodepartnineteenbox=\box63
\pgfnodeparteighteenbox=\box64
\pgfnodepartseventeenbox=\box65
\pgfnodepartsixteenbox=\box66
\pgfnodepartfifteenbox=\box67
\pgfnodepartfourteenbox=\box68
\pgfnodepartthirteenbox=\box69
\pgfnodeparttwelvebox=\box70
\pgfnodepartelevenbox=\box71
\pgfnodeparttenbox=\box72
\pgfnodepartninebox=\box73
\pgfnodeparteightbox=\box74
\pgfnodepartsevenbox=\box75
\pgfnodepartsixbox=\box76
\pgfnodepartfivebox=\box77
)))
(/usr/local/texlive/2015/texmf-dist/tex/generic/pgf/frontendlayer/tikz/librarie
s/tikzlibraryarrows.code.tex
File: tikzlibraryarrows.code.tex 2008/01/09 v3.0.0 (rcs-revision 1.1)

(/usr/local/texlive/2015/texmf-dist/tex/generic/pgf/libraries/pgflibraryarrows.
code.tex
File: pgflibraryarrows.code.tex 2013/09/23 v3.0.0 (rcs-revision 1.16)
\arrowsize=\dimen199
)) (/usr/local/texlive/2015/texmf-dist/tex/generic/genmisc/default.sty
1.3 13/7/98
    DEFAULT.STY version 1.3 July 1998 By Z Jiang
    University of New England, Australia
    Email: zhuhan@neumann.une.edu.au
) (/usr/local/texlive/2015/texmf-dist/tex/latex/media9/media9.sty
(/usr/local/texlive/2015/texmf-dist/tex/latex/l3kernel/expl3.sty
Package: expl3 2015/03/01 v5547 L3 programming layer (loader) 

(/usr/local/texlive/2015/texmf-dist/tex/latex/l3kernel/expl3-code.tex
Package: expl3 2015/03/01 v5547 L3 programming layer (code) 
L3 Module: l3bootstrap 2015/02/28 v5542 L3 Bootstrap code
L3 Module: l3names 2015/02/24 v5535 L3 Namespace for primitives
L3 Module: l3basics 2015/01/27 v5500 L3 Basic definitions
L3 Module: l3expan 2014/11/27 v5472 L3 Argument expansion
L3 Module: l3tl 2015/01/27 v5500 L3 Token lists
L3 Module: l3str 2015/03/01 v5545 L3 Strings
L3 Module: l3seq 2014/08/23 v5354 L3 Sequences and stacks
L3 Module: l3int 2015/02/21 v5529 L3 Integers
\c_max_int=\count167
\l_tmpa_int=\count168
\l_tmpb_int=\count169
\g_tmpa_int=\count170
\g_tmpb_int=\count171
L3 Module: l3quark 2014/08/23 v5354 L3 Quarks
L3 Module: l3prg 2014/08/23 v5354 L3 Control structures
\g__prg_map_int=\count172
L3 Module: l3clist 2014/08/23 v5354 L3 Comma separated lists
L3 Module: l3token 2014/09/15 v5422 L3 Experimental token manipulation
L3 Module: l3prop 2014/08/23 v5354 L3 Property lists
L3 Module: l3msg 2015/02/26 v5537 L3 Messages
L3 Module: l3file 2014/08/24 v5369 L3 File and I/O operations
\l_iow_line_count_int=\count173
\l__iow_target_count_int=\count174
\l__iow_current_line_int=\count175
\l__iow_current_word_int=\count176
\l__iow_current_indentation_int=\count177
L3 Module: l3skip 2014/08/23 v5354 L3 Dimensions and skips
\c_zero_dim=\dimen203
\c_max_dim=\dimen204
\l_tmpa_dim=\dimen205
\l_tmpb_dim=\dimen206
\g_tmpa_dim=\dimen207
\g_tmpb_dim=\dimen208
\c_zero_skip=\skip57
\c_max_skip=\skip58
\l_tmpa_skip=\skip59
\l_tmpb_skip=\skip60
\g_tmpa_skip=\skip61
\g_tmpb_skip=\skip62
\c_zero_muskip=\muskip12
\c_max_muskip=\muskip13
\l_tmpa_muskip=\muskip14
\l_tmpb_muskip=\muskip15
\g_tmpa_muskip=\muskip16
\g_tmpb_muskip=\muskip17
L3 Module: l3keys 2015/01/27 v5500 L3 Key-value interfaces
\g__keyval_level_int=\count178
\l_keys_choice_int=\count179
L3 Module: l3fp 2014/08/22 v5336 L3 Floating points
\c__fp_leading_shift_int=\count180
\c__fp_middle_shift_int=\count181
\c__fp_trailing_shift_int=\count182
\c__fp_big_leading_shift_int=\count183
\c__fp_big_middle_shift_int=\count184
\c__fp_big_trailing_shift_int=\count185
\c__fp_Bigg_leading_shift_int=\count186
\c__fp_Bigg_middle_shift_int=\count187
\c__fp_Bigg_trailing_shift_int=\count188
L3 Module: l3box 2014/08/23 v5354 L3 Experimental boxes
\c_empty_box=\box81
\l_tmpa_box=\box82
\l_tmpb_box=\box83
\g_tmpa_box=\box84
\g_tmpb_box=\box85
L3 Module: l3coffins 2014/08/23 v5354 L3 Coffin code layer
\l__coffin_internal_box=\box86
\l__coffin_internal_dim=\dimen209
\l__coffin_offset_x_dim=\dimen210
\l__coffin_offset_y_dim=\dimen211
\l__coffin_x_dim=\dimen212
\l__coffin_y_dim=\dimen213
\l__coffin_x_prime_dim=\dimen214
\l__coffin_y_prime_dim=\dimen215
\c_empty_coffin=\box87
\l__coffin_aligned_coffin=\box88
\l__coffin_aligned_internal_coffin=\box89
\l_tmpa_coffin=\box90
\l_tmpb_coffin=\box91
\l__coffin_display_coffin=\box92
\l__coffin_display_coord_coffin=\box93
\l__coffin_display_pole_coffin=\box94
\l__coffin_display_offset_dim=\dimen216
\l__coffin_display_x_dim=\dimen217
\l__coffin_display_y_dim=\dimen218
L3 Module: l3color 2014/08/23 v5354 L3 Experimental color support
L3 Module: l3candidates 2015/03/01 v5544 L3 Experimental additions to l3kernel
\l__box_top_dim=\dimen219
\l__box_bottom_dim=\dimen220
\l__box_left_dim=\dimen221
\l__box_right_dim=\dimen222
\l__box_top_new_dim=\dimen223
\l__box_bottom_new_dim=\dimen224
\l__box_left_new_dim=\dimen225
\l__box_right_new_dim=\dimen226
\l__box_internal_box=\box95
\l__coffin_bounding_shift_dim=\dimen227
\l__coffin_left_corner_dim=\dimen228
\l__coffin_right_corner_dim=\dimen229
\l__coffin_bottom_corner_dim=\dimen230
\l__coffin_top_corner_dim=\dimen231
\l__coffin_scaled_total_height_dim=\dimen232
\l__coffin_scaled_width_dim=\dimen233
)
(/usr/local/texlive/2015/texmf-dist/tex/latex/l3kernel/l3unicode-data.def
File: l3unicode-data.def 2015/03/01 v5544 L3 Unicode data
)
(/usr/local/texlive/2015/texmf-dist/tex/latex/l3kernel/l3pdfmode.def
File: l3pdfmode.def 2015/03/01 v5544 L3 Experimental driver: PDF mode
\l__driver_color_stack_int=\count189
))
(/usr/local/texlive/2015/texmf-dist/tex/latex/l3experimental/l3str/l3regex.sty
Package: l3regex 2014/11/25 v5471 L3 Experimental regular expressions

(/usr/local/texlive/2015/texmf-dist/tex/latex/l3experimental/l3str/l3tl-build.s
ty
Package: l3tl-build 2014/08/25 v5378 L3 Experimental token list construction
\l__tl_build_start_index_int=\count190
\l__tl_build_index_int=\count191
)
(/usr/local/texlive/2015/texmf-dist/tex/latex/l3experimental/l3str/l3tl-analysi
s.sty
Package: l3tl-analysis 2014/05/06 v4745 L3 Experimental token lists analysis

(/usr/local/texlive/2015/texmf-dist/tex/latex/l3experimental/l3str/l3str.sty
Package: l3str 2014/11/25 v5471 L3 Experimental strings
)
\l__tl_analysis_normal_int=\count192
\l__tl_analysis_index_int=\count193
\l__tl_analysis_nesting_int=\count194
\l__tl_analysis_type_int=\count195
)
(/usr/local/texlive/2015/texmf-dist/tex/latex/l3experimental/l3str/l3flag.sty
Package: l3flag 2014/11/25 v5471 L3 Experimental flags
)
(/usr/local/texlive/2015/texmf-dist/tex/latex/l3experimental/l3str/l3str-conver
t.sty
Package: l3str-convert 2014/06/03 v5028 L3 Experimental string encoding convers
ions
\l__str_internal_int=\count196
\c__str_replacement_char_int=\count197
)
\l__regex_internal_a_int=\count198
\l__regex_internal_b_int=\count199
\l__regex_internal_c_int=\count200
\l__regex_balance_int=\count201
\l__regex_group_level_int=\count202
\l__regex_mode_int=\count203
\l__regex_catcodes_int=\count204
\l__regex_default_catcodes_int=\count205
\c__regex_catcode_D_int=\count206
\c__regex_catcode_S_int=\count207
\c__regex_catcode_L_int=\count208
\c__regex_catcode_O_int=\count209
\c__regex_catcode_A_int=\count210
\c__regex_all_catcodes_int=\count211
\l__regex_show_lines_int=\count212
\l__regex_min_state_int=\count213
\l__regex_max_state_int=\count214
\l__regex_left_state_int=\count215
\l__regex_right_state_int=\count216
\l__regex_capturing_group_int=\count217
\l__regex_min_pos_int=\count218
\l__regex_max_pos_int=\count219
\l__regex_current_pos_int=\count220
\l__regex_start_pos_int=\count221
\l__regex_success_pos_int=\count222
\l__regex_current_char_int=\count223
\l__regex_current_catcode_int=\count224
\l__regex_last_char_int=\count225
\l__regex_case_changed_char_int=\count226
\l__regex_current_state_int=\count227
\l__regex_step_int=\count228
\l__regex_min_active_int=\count229
\l__regex_max_active_int=\count230
\l__regex_replacement_csnames_int=\count231
\l__regex_match_count_int=\count232
\l__regex_submatch_int=\count233
\l__regex_zeroth_submatch_int=\count266
)
(/usr/local/texlive/2015/texmf-dist/tex/latex/l3packages/l3keys2e/l3keys2e.sty
Package: l3keys2e 2014/11/25 v5471 LaTeX2e option processing using LaTeX3 keys
) (/usr/local/texlive/2015/texmf-dist/tex/latex/l3packages/xparse/xparse.sty
Package: xparse 2014/11/25 v5471 L3 Experimental document command parser
\l__xparse_current_arg_int=\count267
\l__xparse_m_args_int=\count268
\l__xparse_mandatory_args_int=\count269
\l__xparse_processor_int=\count270
\l__xparse_v_nesting_int=\count271
)
(/usr/local/texlive/2015/texmf-dist/tex/latex/oberdiek/atenddvi.sty
Package: atenddvi 2007/04/17 v1.1 At end DVI hook (HO)

(/usr/local/texlive/2015/texmf-dist/tex/latex/oberdiek/zref-abspage.sty
Package: zref-abspage 2012/04/04 v2.24 Module abspage for zref (HO)

(/usr/local/texlive/2015/texmf-dist/tex/latex/oberdiek/zref-base.sty
Package: zref-base 2012/04/04 v2.24 Module base for zref (HO)
Package zref Info: New property list: main on input line 759.
Package zref Info: New property: default on input line 760.
Package zref Info: New property: page on input line 761.
)
\c@abspage=\count272
Package zref Info: New property: abspage on input line 62.
)
(/usr/local/texlive/2015/texmf-dist/tex/latex/oberdiek/zref-lastpage.sty
Package: zref-lastpage 2012/04/04 v2.24 Module lastpage for zref (HO)
Package zref Info: New property list: LastPage on input line 55.
))
Package: media9 2015/05/11 v0.52 acrobat-9/X compatible media
\g_mix_pkgresizeflag_int=\count273
\l_mix_poster_box=\box96
\g_mix_wd_dim=\dimen256
\g_mix_ht_dim=\dimen257
\g_mix_dp_dim=\dimen258
\g_mix_rmcnt_int=\count274
\l_mix_viewcnt_int=\count275
\g@mix@page@int=\count276
\g_mix_oc_int=\count277
\g_mix_resizeflag_int=\count278
\l_mix_lineno_int=\count279
.................................................
. LaTeX info: "xparse/define-command"
. 
. Defining command \addmediapath with sig. 'm' on line 1322.
.................................................
\l_mix_pbtn_box=\box97
\mix@btn@dim=\dimen259
.................................................
. LaTeX info: "xparse/define-command"
. 
. Defining command \includemedia with sig. 'O{}mm' on line 1680.
.................................................
\g_mix_mbtncnt_int=\count280
.................................................
. LaTeX info: "xparse/define-command"
. 
. Defining command \mediabutton with sig. 'O{}m' on line 2886.
.................................................
)
(./Lecture-8-Interpolation.aux)
\openout1 = `Lecture-8-Interpolation.aux'.

LaTeX Font Info:    Checking defaults for OML/cmm/m/it on input line 37.
LaTeX Font Info:    ... okay on input line 37.
LaTeX Font Info:    Checking defaults for T1/cmr/m/n on input line 37.
LaTeX Font Info:    ... okay on input line 37.
LaTeX Font Info:    Checking defaults for OT1/cmr/m/n on input line 37.
LaTeX Font Info:    ... okay on input line 37.
LaTeX Font Info:    Checking defaults for OMS/cmsy/m/n on input line 37.
LaTeX Font Info:    ... okay on input line 37.
LaTeX Font Info:    Checking defaults for OMX/cmex/m/n on input line 37.
LaTeX Font Info:    ... okay on input line 37.
LaTeX Font Info:    Checking defaults for U/cmr/m/n on input line 37.
LaTeX Font Info:    ... okay on input line 37.
LaTeX Font Info:    Checking defaults for PD1/pdf/m/n on input line 37.
LaTeX Font Info:    ... okay on input line 37.

*geometry* driver: auto-detecting
*geometry* detected driver: pdftex
*geometry* verbose mode - [ preamble ] result:
* driver: pdftex
* paper: custom
* layout: <same size as paper>
* layoutoffset:(h,v)=(0.0pt,0.0pt)
* modes: includehead includefoot 
* h-part:(L,W,R)=(28.45274pt, 307.28987pt, 28.45274pt)
* v-part:(T,H,B)=(0.0pt, 273.14662pt, 0.0pt)
* \paperwidth=364.19536pt
* \paperheight=273.14662pt
* \textwidth=307.28987pt
* \textheight=244.6939pt
* \oddsidemargin=-43.81725pt
* \evensidemargin=-43.81725pt
* \topmargin=-72.26999pt
* \headheight=14.22636pt
* \headsep=0.0pt
* \topskip=11.0pt
* \footskip=14.22636pt
* \marginparwidth=4.0pt
* \marginparsep=10.0pt
* \columnsep=10.0pt
* \skip\footins=10.0pt plus 4.0pt minus 2.0pt
* \hoffset=0.0pt
* \voffset=0.0pt
* \mag=1000
* \@twocolumnfalse
* \@twosidefalse
* \@mparswitchfalse
* \@reversemarginfalse
* (1in=72.27pt=25.4mm, 1cm=28.453pt)

(/usr/local/texlive/2015/texmf-dist/tex/context/base/supp-pdf.mkii
[Loading MPS to PDF converter (version 2006.09.02).]
\scratchcounter=\count281
\scratchdimen=\dimen260
\scratchbox=\box98
\nofMPsegments=\count282
\nofMParguments=\count283
\everyMPshowfont=\toks57
\MPscratchCnt=\count284
\MPscratchDim=\dimen261
\MPnumerator=\count285
\makeMPintoPDFobject=\count286
\everyMPtoPDFconversion=\toks58
) (/usr/local/texlive/2015/texmf-dist/tex/latex/oberdiek/epstopdf-base.sty
Package: epstopdf-base 2010/02/09 v2.5 Base part for package epstopdf

(/usr/local/texlive/2015/texmf-dist/tex/latex/oberdiek/grfext.sty
Package: grfext 2010/08/19 v1.1 Manage graphics extensions (HO)
)
Package grfext Info: Graphics extension search list:
(grfext)             [.png,.pdf,.jpg,.mps,.jpeg,.jbig2,.jb2,.PNG,.PDF,.JPG,.JPE
G,.JBIG2,.JB2,.eps]
(grfext)             \AppendGraphicsExtensions on input line 452.

(/usr/local/texlive/2015/texmf-dist/tex/latex/latexconfig/epstopdf-sys.cfg
File: epstopdf-sys.cfg 2010/07/13 v1.3 Configuration of (r)epstopdf for TeX Liv
e
))
ABD: EveryShipout initializing macros
\AtBeginShipoutBox=\box99
Package hyperref Info: Link coloring OFF on input line 37.

(/usr/local/texlive/2015/texmf-dist/tex/latex/hyperref/nameref.sty
Package: nameref 2012/10/27 v2.43 Cross-referencing by name of section

(/usr/local/texlive/2015/texmf-dist/tex/generic/oberdiek/gettitlestring.sty
Package: gettitlestring 2010/12/03 v1.4 Cleanup title references (HO)
)
\c@section@level=\count287
)
LaTeX Info: Redefining \ref on input line 37.
LaTeX Info: Redefining \pageref on input line 37.
LaTeX Info: Redefining \nameref on input line 37.

(./Lecture-8-Interpolation.out) (./Lecture-8-Interpolation.out)
\@outlinefile=\write5
\openout5 = `Lecture-8-Interpolation.out'.

LaTeX Font Info:    Overwriting symbol font `operators' in version `normal'
(Font)                  OT1/cmr/m/n --> OT1/cmss/m/n on input line 37.
LaTeX Font Info:    Overwriting symbol font `operators' in version `bold'
(Font)                  OT1/cmr/bx/n --> OT1/cmss/bx/n on input line 37.
\symnumbers=\mathgroup6
\sympureletters=\mathgroup7
LaTeX Font Info:    Overwriting math alphabet `\mathrm' in version `normal'
(Font)                  OT1/cmss/m/n --> OT1/cmr/m/n on input line 37.
LaTeX Font Info:    Redeclaring math alphabet \mathbf on input line 37.
LaTeX Font Info:    Overwriting math alphabet `\mathbf' in version `normal'
(Font)                  OT1/cmr/bx/n --> OT1/cmss/bx/n on input line 37.
LaTeX Font Info:    Overwriting math alphabet `\mathbf' in version `bold'
(Font)                  OT1/cmr/bx/n --> OT1/cmss/bx/n on input line 37.
LaTeX Font Info:    Redeclaring math alphabet \mathsf on input line 37.
LaTeX Font Info:    Overwriting math alphabet `\mathsf' in version `normal'
(Font)                  OT1/cmss/m/n --> OT1/cmss/m/n on input line 37.
LaTeX Font Info:    Overwriting math alphabet `\mathsf' in version `bold'
(Font)                  OT1/cmss/bx/n --> OT1/cmss/m/n on input line 37.
LaTeX Font Info:    Redeclaring math alphabet \mathit on input line 37.
LaTeX Font Info:    Overwriting math alphabet `\mathit' in version `normal'
(Font)                  OT1/cmr/m/it --> OT1/cmss/m/it on input line 37.
LaTeX Font Info:    Overwriting math alphabet `\mathit' in version `bold'
(Font)                  OT1/cmr/bx/it --> OT1/cmss/m/it on input line 37.
LaTeX Font Info:    Redeclaring math alphabet \mathtt on input line 37.
LaTeX Font Info:    Overwriting math alphabet `\mathtt' in version `normal'
(Font)                  OT1/cmtt/m/n --> OT1/cmtt/m/n on input line 37.
LaTeX Font Info:    Overwriting math alphabet `\mathtt' in version `bold'
(Font)                  OT1/cmtt/m/n --> OT1/cmtt/m/n on input line 37.
LaTeX Font Info:    Overwriting symbol font `numbers' in version `bold'
(Font)                  OT1/cmss/m/n --> OT1/cmss/bx/n on input line 37.
LaTeX Font Info:    Overwriting symbol font `pureletters' in version `bold'
(Font)                  OT1/cmss/m/it --> OT1/cmss/bx/it on input line 37.
LaTeX Font Info:    Overwriting math alphabet `\mathrm' in version `bold'
(Font)                  OT1/cmss/bx/n --> OT1/cmr/bx/n on input line 37.
LaTeX Font Info:    Overwriting math alphabet `\mathbf' in version `bold'
(Font)                  OT1/cmss/bx/n --> OT1/cmss/bx/n on input line 37.
LaTeX Font Info:    Overwriting math alphabet `\mathsf' in version `bold'
(Font)                  OT1/cmss/m/n --> OT1/cmss/bx/n on input line 37.
LaTeX Font Info:    Overwriting math alphabet `\mathit' in version `bold'
(Font)                  OT1/cmss/m/it --> OT1/cmss/bx/it on input line 37.
LaTeX Font Info:    Overwriting math alphabet `\mathtt' in version `bold'
(Font)                  OT1/cmtt/m/n --> OT1/cmtt/bx/n on input line 37.
LaTeX Font Info:    Redeclaring symbol font `pureletters' on input line 37.
LaTeX Font Info:    Overwriting symbol font `pureletters' in version `normal'
(Font)                  OT1/cmss/m/it --> OT1/mathkerncmss/m/sl on input line 3
7.
LaTeX Font Info:    Overwriting symbol font `pureletters' in version `bold'
(Font)                  OT1/cmss/bx/it --> OT1/mathkerncmss/m/sl on input line 
37.
LaTeX Font Info:    Overwriting symbol font `pureletters' in version `bold'
(Font)                  OT1/mathkerncmss/m/sl --> OT1/mathkerncmss/bx/sl on inp
ut line 37.

(/usr/local/texlive/2015/texmf-dist/tex/latex/beamer/translator/dicts/translato
r-basic-dictionary/translator-basic-dictionary-English.dict
Dictionary: translator-basic-dictionary, Language: English 
)
(/usr/local/texlive/2015/texmf-dist/tex/latex/beamer/translator/dicts/translato
r-bibliography-dictionary/translator-bibliography-dictionary-English.dict
Dictionary: translator-bibliography-dictionary, Language: English 
)
(/usr/local/texlive/2015/texmf-dist/tex/latex/beamer/translator/dicts/translato
r-environment-dictionary/translator-environment-dictionary-English.dict
Dictionary: translator-environment-dictionary, Language: English 
)
(/usr/local/texlive/2015/texmf-dist/tex/latex/beamer/translator/dicts/translato
r-months-dictionary/translator-months-dictionary-English.dict
Dictionary: translator-months-dictionary, Language: English 
)
(/usr/local/texlive/2015/texmf-dist/tex/latex/beamer/translator/dicts/translato
r-numbers-dictionary/translator-numbers-dictionary-English.dict
Dictionary: translator-numbers-dictionary, Language: English 
)
(/usr/local/texlive/2015/texmf-dist/tex/latex/beamer/translator/dicts/translato
r-theorem-dictionary/translator-theorem-dictionary-English.dict
Dictionary: translator-theorem-dictionary, Language: English 
)
LaTeX Info: Redefining \includegraphics on input line 37.

(./Lecture-8-Interpolation.nav)

LaTeX Font Warning: Font shape `OT1/cmss/m/sc' in size <14.4> not available
(Font)              Font shape `OT1/cmr/m/sc' tried instead on input line 41.


LaTeX Font Warning: Font shape `OT1/cmss/m/n' in size <4> not available
(Font)              size <5> substituted on input line 41.

[1

{/usr/local/texlive/2015/texmf-var/fonts/map/pdftex/updmap/pdftex.map}]
LaTeX Font Info:    Try loading font information for U+msa on input line 54.

(/usr/local/texlive/2015/texmf-dist/tex/latex/amsfonts/umsa.fd
File: umsa.fd 2013/01/14 v3.01 AMS symbols A
)
LaTeX Font Info:    Try loading font information for U+msb on input line 54.

(/usr/local/texlive/2015/texmf-dist/tex/latex/amsfonts/umsb.fd
File: umsb.fd 2013/01/14 v3.01 AMS symbols B
)
LaTeX Font Info:    Try loading font information for OT1+mathkerncmss on input 
line 54.

(/usr/local/texlive/2015/texmf-dist/tex/latex/sansmathaccent/ot1mathkerncmss.fd
File: ot1mathkerncmss.fd 2013/03/27 Fontinst v1.933 font definitions for OT1/ma
thkerncmss.
) [2

] [3

] [4

]
Overfull \vbox (9.97774pt too high) detected at line 102
 []

[5

] <Bases_Monomial.png, id=49, 578.16pt x 433.62pt>
File: Bases_Monomial.png Graphic file (type png)
 <use Bases_Monomial.png>
Package pdftex.def Info: Bases_Monomial.png used on input line 110.
(pdftex.def)             Requested size: 289.07928pt x 216.80946pt.

[6

 <./Bases_Monomial.png (PNG copy)>] [7

]
<Simple_m1.png, id=62, 578.16pt x 433.62pt>
File: Simple_m1.png Graphic file (type png)
 <use Simple_m1.png>
Package pdftex.def Info: Simple_m1.png used on input line 128.
(pdftex.def)             Requested size: 289.07928pt x 216.80946pt.
 [8

 <./Simple_m1.png (PNG copy)>] <Simple_1.png, id=68, 578.16pt x 433.62pt>
File: Simple_1.png Graphic file (type png)

<use Simple_1.png>
Package pdftex.def Info: Simple_1.png used on input line 137.
(pdftex.def)             Requested size: 289.07928pt x 216.80946pt.
 [9

 <./Simple_1.png (PNG copy)>]
<Simple_2.png, id=74, 578.16pt x 433.62pt>
File: Simple_2.png Graphic file (type png)
 <use Simple_2.png>
Package pdftex.def Info: Simple_2.png used on input line 137.
(pdftex.def)             Requested size: 289.07928pt x 216.80946pt.
 [10

 <./Simple_2.png (PNG copy)>] <Simple_3.png, id=80, 578.16pt x 433.62pt>
File: Simple_3.png Graphic file (type png)
 <use Simple_3.png>
Package pdftex.def Info: Simple_3.png used on input line 137.
(pdftex.def)             Requested size: 289.07928pt x 216.80946pt.

[11

 <./Simple_3.png (PNG copy)>] <Simple_4.png, id=86, 578.16pt x 433.62pt>
File: Simple_4.png Graphic file (type png)

<use Simple_4.png>
Package pdftex.def Info: Simple_4.png used on input line 137.
(pdftex.def)             Requested size: 289.07928pt x 216.80946pt.
 [12

 <./Simple_4.png (PNG copy)>]
<Simple_5.png, id=92, 578.16pt x 433.62pt>
File: Simple_5.png Graphic file (type png)
 <use Simple_5.png>
Package pdftex.def Info: Simple_5.png used on input line 137.
(pdftex.def)             Requested size: 289.07928pt x 216.80946pt.
 [13

 <./Simple_5.png (PNG copy)>] <Test_Function.png, id=99, 578.16pt x 433.62pt>
File: Test_Function.png Graphic file (type png)

<use Test_Function.png>
Package pdftex.def Info: Test_Function.png used on input line 145.
(pdftex.def)             Requested size: 289.07928pt x 216.80946pt.
 [14

 <./Test_Function.png (PNG copy)>]
<Monom_1D_1.png, id=107, 578.16pt x 433.62pt>
File: Monom_1D_1.png Graphic file (type png)
 <use Monom_1D_1.png>
Package pdftex.def Info: Monom_1D_1.png used on input line 156.
(pdftex.def)             Requested size: 289.07928pt x 216.80946pt.
 [15

 <./Monom_1D_1.png (PNG copy)>] <Monom_1D_2.png, id=113, 578.16pt x 433.62pt>
File: Monom_1D_2.png Graphic file (type png)

<use Monom_1D_2.png>
Package pdftex.def Info: Monom_1D_2.png used on input line 156.
(pdftex.def)             Requested size: 289.07928pt x 216.80946pt.
 [16

 <./Monom_1D_2.png (PNG copy)>]
<Monom_1D_3.png, id=119, 578.16pt x 433.62pt>
File: Monom_1D_3.png Graphic file (type png)
 <use Monom_1D_3.png>
Package pdftex.def Info: Monom_1D_3.png used on input line 156.
(pdftex.def)             Requested size: 289.07928pt x 216.80946pt.
 [17

 <./Monom_1D_3.png (PNG copy)>] <Monom_1D_4.png, id=125, 578.16pt x 433.62pt>
File: Monom_1D_4.png Graphic file (type png)

<use Monom_1D_4.png>
Package pdftex.def Info: Monom_1D_4.png used on input line 156.
(pdftex.def)             Requested size: 289.07928pt x 216.80946pt.
 [18

 <./Monom_1D_4.png (PNG copy)>]
<Monom_1D_5.png, id=131, 578.16pt x 433.62pt>
File: Monom_1D_5.png Graphic file (type png)
 <use Monom_1D_5.png>
Package pdftex.def Info: Monom_1D_5.png used on input line 156.
(pdftex.def)             Requested size: 289.07928pt x 216.80946pt.
 [19

 <./Monom_1D_5.png (PNG copy)>] <Monom_1D_6.png, id=138, 578.16pt x 433.62pt>
File: Monom_1D_6.png Graphic file (type png)

<use Monom_1D_6.png>
Package pdftex.def Info: Monom_1D_6.png used on input line 156.
(pdftex.def)             Requested size: 289.07928pt x 216.80946pt.
 [20

 <./Monom_1D_6.png (PNG copy)>]
<Monom_1D_7.png, id=144, 578.16pt x 433.62pt>
File: Monom_1D_7.png Graphic file (type png)
 <use Monom_1D_7.png>
Package pdftex.def Info: Monom_1D_7.png used on input line 156.
(pdftex.def)             Requested size: 289.07928pt x 216.80946pt.
 [21

 <./Monom_1D_7.png (PNG copy)>] <Monom_1D_8.png, id=150, 578.16pt x 433.62pt>
File: Monom_1D_8.png Graphic file (type png)

<use Monom_1D_8.png>
Package pdftex.def Info: Monom_1D_8.png used on input line 156.
(pdftex.def)             Requested size: 289.07928pt x 216.80946pt.
 [22

 <./Monom_1D_8.png (PNG copy)>]
<Monom_1D_9.png, id=156, 578.16pt x 433.62pt>
File: Monom_1D_9.png Graphic file (type png)
 <use Monom_1D_9.png>
Package pdftex.def Info: Monom_1D_9.png used on input line 156.
(pdftex.def)             Requested size: 289.07928pt x 216.80946pt.
 [23

 <./Monom_1D_9.png (PNG copy)>] <Monom_1D_10.png, id=162, 578.16pt x 433.62pt>
File: Monom_1D_10.png Graphic file (type png)

<use Monom_1D_10.png>
Package pdftex.def Info: Monom_1D_10.png used on input line 156.
(pdftex.def)             Requested size: 289.07928pt x 216.80946pt.
 [24

 <./Monom_1D_10.png (PNG copy)>]
<Monom_1D_11.png, id=168, 578.16pt x 433.62pt>
File: Monom_1D_11.png Graphic file (type png)
 <use Monom_1D_11.png>
Package pdftex.def Info: Monom_1D_11.png used on input line 156.
(pdftex.def)             Requested size: 289.07928pt x 216.80946pt.
 [25

 <./Monom_1D_11.png (PNG copy)>] <Monom_1D_12.png, id=176, 578.16pt x 433.62pt>
File: Monom_1D_12.png Graphic file (type png)

<use Monom_1D_12.png>
Package pdftex.def Info: Monom_1D_12.png used on input line 156.
(pdftex.def)             Requested size: 289.07928pt x 216.80946pt.
 [26

 <./Monom_1D_12.png (PNG copy)>]
<Monom_1D_13.png, id=182, 578.16pt x 433.62pt>
File: Monom_1D_13.png Graphic file (type png)
 <use Monom_1D_13.png>
Package pdftex.def Info: Monom_1D_13.png used on input line 156.
(pdftex.def)             Requested size: 289.07928pt x 216.80946pt.
 [27

 <./Monom_1D_13.png (PNG copy)>]
<Monom_1D_err_zoom1.png, id=188, 578.16pt x 433.62pt>
File: Monom_1D_err_zoom1.png Graphic file (type png)

<use Monom_1D_err_zoom1.png>
Package pdftex.def Info: Monom_1D_err_zoom1.png used on input line 167.
(pdftex.def)             Requested size: 289.07928pt x 216.80946pt.
 [28

 <./Monom_1D_err_zoom1.png (PNG copy)>]
<Monom_1D_err_zoom2.png, id=194, 578.16pt x 433.62pt>
File: Monom_1D_err_zoom2.png Graphic file (type png)

<use Monom_1D_err_zoom2.png>
Package pdftex.def Info: Monom_1D_err_zoom2.png used on input line 167.
(pdftex.def)             Requested size: 289.07928pt x 216.80946pt.
 [29

 <./Monom_1D_err_zoom2.png (PNG copy)>]
<Monom_1D_err_zoom3.png, id=200, 578.16pt x 433.62pt>
File: Monom_1D_err_zoom3.png Graphic file (type png)

<use Monom_1D_err_zoom3.png>
Package pdftex.def Info: Monom_1D_err_zoom3.png used on input line 167.
(pdftex.def)             Requested size: 289.07928pt x 216.80946pt.
 [30

 <./Monom_1D_err_zoom3.png (PNG copy)>]
<Monom_1D_err_zoom4.png, id=206, 578.16pt x 433.62pt>
File: Monom_1D_err_zoom4.png Graphic file (type png)

<use Monom_1D_err_zoom4.png>
Package pdftex.def Info: Monom_1D_err_zoom4.png used on input line 167.
(pdftex.def)             Requested size: 289.07928pt x 216.80946pt.
 [31

 <./Monom_1D_err_zoom4.png (PNG copy)>]
<Monom_1D_err_zoom5.png, id=213, 578.16pt x 433.62pt>
File: Monom_1D_err_zoom5.png Graphic file (type png)

<use Monom_1D_err_zoom5.png>
Package pdftex.def Info: Monom_1D_err_zoom5.png used on input line 167.
(pdftex.def)             Requested size: 289.07928pt x 216.80946pt.
 [32

 <./Monom_1D_err_zoom5.png (PNG copy)>]
<Monom_1D_err_zoom6.png, id=219, 578.16pt x 433.62pt>
File: Monom_1D_err_zoom6.png Graphic file (type png)

<use Monom_1D_err_zoom6.png>
Package pdftex.def Info: Monom_1D_err_zoom6.png used on input line 167.
(pdftex.def)             Requested size: 289.07928pt x 216.80946pt.
 [33

 <./Monom_1D_err_zoom6.png (PNG copy)>]
<Monom_1D_err_zoom7.png, id=225, 578.16pt x 433.62pt>
File: Monom_1D_err_zoom7.png Graphic file (type png)

<use Monom_1D_err_zoom7.png>
Package pdftex.def Info: Monom_1D_err_zoom7.png used on input line 167.
(pdftex.def)             Requested size: 289.07928pt x 216.80946pt.
 [34

 <./Monom_1D_err_zoom7.png (PNG copy)>]
<Monom_1D_err_zoom8.png, id=231, 578.16pt x 433.62pt>
File: Monom_1D_err_zoom8.png Graphic file (type png)

<use Monom_1D_err_zoom8.png>
Package pdftex.def Info: Monom_1D_err_zoom8.png used on input line 167.
(pdftex.def)             Requested size: 289.07928pt x 216.80946pt.
 [35

 <./Monom_1D_err_zoom8.png (PNG copy)>]
<Monom_1D_err_zoom9.png, id=237, 578.16pt x 433.62pt>
File: Monom_1D_err_zoom9.png Graphic file (type png)

<use Monom_1D_err_zoom9.png>
Package pdftex.def Info: Monom_1D_err_zoom9.png used on input line 167.
(pdftex.def)             Requested size: 289.07928pt x 216.80946pt.
 [36

 <./Monom_1D_err_zoom9.png (PNG copy)>]
<Monom_1D_err_zoom10.png, id=243, 578.16pt x 433.62pt>
File: Monom_1D_err_zoom10.png Graphic file (type png)

<use Monom_1D_err_zoom10.png>
Package pdftex.def Info: Monom_1D_err_zoom10.png used on input line 167.
(pdftex.def)             Requested size: 289.07928pt x 216.80946pt.
 [37

 <./Monom_1D_err_zoom10.png (PNG copy)>]
<Monom_1D_err_zoom11.png, id=250, 578.16pt x 433.62pt>
File: Monom_1D_err_zoom11.png Graphic file (type png)

<use Monom_1D_err_zoom11.png>
Package pdftex.def Info: Monom_1D_err_zoom11.png used on input line 167.
(pdftex.def)             Requested size: 289.07928pt x 216.80946pt.
 [38

 <./Monom_1D_err_zoom11.png (PNG copy)>]
<Monom_1D_err_zoom12.png, id=256, 578.16pt x 433.62pt>
File: Monom_1D_err_zoom12.png Graphic file (type png)

<use Monom_1D_err_zoom12.png>
Package pdftex.def Info: Monom_1D_err_zoom12.png used on input line 167.
(pdftex.def)             Requested size: 289.07928pt x 216.80946pt.
 [39

 <./Monom_1D_err_zoom12.png (PNG copy)>]
<Monom_1D_err_zoom13.png, id=262, 578.16pt x 433.62pt>
File: Monom_1D_err_zoom13.png Graphic file (type png)

<use Monom_1D_err_zoom13.png>
Package pdftex.def Info: Monom_1D_err_zoom13.png used on input line 167.
(pdftex.def)             Requested size: 289.07928pt x 216.80946pt.
 [40

 <./Monom_1D_err_zoom13.png (PNG copy)>]
<Monom_1D_err_1.png, id=268, 578.16pt x 433.62pt>
File: Monom_1D_err_1.png Graphic file (type png)
 <use Monom_1D_err_1.png>
Package pdftex.def Info: Monom_1D_err_1.png used on input line 178.
(pdftex.def)             Requested size: 289.07928pt x 216.80946pt.

[41

 <./Monom_1D_err_1.png (PNG copy)>]
<Monom_1D_err_2.png, id=274, 578.16pt x 433.62pt>
File: Monom_1D_err_2.png Graphic file (type png)
 <use Monom_1D_err_2.png>
Package pdftex.def Info: Monom_1D_err_2.png used on input line 178.
(pdftex.def)             Requested size: 289.07928pt x 216.80946pt.

[42

 <./Monom_1D_err_2.png (PNG copy)>]
<Monom_1D_err_3.png, id=280, 578.16pt x 433.62pt>
File: Monom_1D_err_3.png Graphic file (type png)
 <use Monom_1D_err_3.png>
Package pdftex.def Info: Monom_1D_err_3.png used on input line 178.
(pdftex.def)             Requested size: 289.07928pt x 216.80946pt.

[43

 <./Monom_1D_err_3.png (PNG copy)>]
<Monom_1D_err_4.png, id=287, 578.16pt x 433.62pt>
File: Monom_1D_err_4.png Graphic file (type png)
 <use Monom_1D_err_4.png>
Package pdftex.def Info: Monom_1D_err_4.png used on input line 178.
(pdftex.def)             Requested size: 289.07928pt x 216.80946pt.

[44

 <./Monom_1D_err_4.png (PNG copy)>]
<Monom_1D_err_5.png, id=293, 578.16pt x 433.62pt>
File: Monom_1D_err_5.png Graphic file (type png)
 <use Monom_1D_err_5.png>
Package pdftex.def Info: Monom_1D_err_5.png used on input line 178.
(pdftex.def)             Requested size: 289.07928pt x 216.80946pt.

[45

 <./Monom_1D_err_5.png (PNG copy)>]
<Monom_1D_err_6.png, id=299, 578.16pt x 433.62pt>
File: Monom_1D_err_6.png Graphic file (type png)
 <use Monom_1D_err_6.png>
Package pdftex.def Info: Monom_1D_err_6.png used on input line 178.
(pdftex.def)             Requested size: 289.07928pt x 216.80946pt.

[46

 <./Monom_1D_err_6.png (PNG copy)>]
<Monom_1D_err_7.png, id=305, 578.16pt x 433.62pt>
File: Monom_1D_err_7.png Graphic file (type png)
 <use Monom_1D_err_7.png>
Package pdftex.def Info: Monom_1D_err_7.png used on input line 178.
(pdftex.def)             Requested size: 289.07928pt x 216.80946pt.

[47

 <./Monom_1D_err_7.png (PNG copy)>]
<Monom_1D_err_8.png, id=311, 578.16pt x 433.62pt>
File: Monom_1D_err_8.png Graphic file (type png)
 <use Monom_1D_err_8.png>
Package pdftex.def Info: Monom_1D_err_8.png used on input line 178.
(pdftex.def)             Requested size: 289.07928pt x 216.80946pt.

[48

 <./Monom_1D_err_8.png (PNG copy)>]
<Monom_1D_err_9.png, id=317, 578.16pt x 433.62pt>
File: Monom_1D_err_9.png Graphic file (type png)
 <use Monom_1D_err_9.png>
Package pdftex.def Info: Monom_1D_err_9.png used on input line 178.
(pdftex.def)             Requested size: 289.07928pt x 216.80946pt.

[49

 <./Monom_1D_err_9.png (PNG copy)>]
<Monom_1D_err_10.png, id=324, 578.16pt x 433.62pt>
File: Monom_1D_err_10.png Graphic file (type png)
 <use Monom_1D_err_10.png>
Package pdftex.def Info: Monom_1D_err_10.png used on input line 178.
(pdftex.def)             Requested size: 289.07928pt x 216.80946pt.

[50

 <./Monom_1D_err_10.png (PNG copy)>]
<Monom_1D_err_11.png, id=331, 578.16pt x 433.62pt>
File: Monom_1D_err_11.png Graphic file (type png)
 <use Monom_1D_err_11.png>
Package pdftex.def Info: Monom_1D_err_11.png used on input line 178.
(pdftex.def)             Requested size: 289.07928pt x 216.80946pt.

[51

 <./Monom_1D_err_11.png (PNG copy)>]
<Monom_1D_err_12.png, id=337, 578.16pt x 433.62pt>
File: Monom_1D_err_12.png Graphic file (type png)
 <use Monom_1D_err_12.png>
Package pdftex.def Info: Monom_1D_err_12.png used on input line 178.
(pdftex.def)             Requested size: 289.07928pt x 216.80946pt.

[52

 <./Monom_1D_err_12.png (PNG copy)>]
<Monom_1D_err_13.png, id=343, 578.16pt x 433.62pt>
File: Monom_1D_err_13.png Graphic file (type png)
 <use Monom_1D_err_13.png>
Package pdftex.def Info: Monom_1D_err_13.png used on input line 178.
(pdftex.def)             Requested size: 289.07928pt x 216.80946pt.

[53

 <./Monom_1D_err_13.png (PNG copy)>] [54

]
<Bases_Chebychev.png, id=354, 578.16pt x 433.62pt>
File: Bases_Chebychev.png Graphic file (type png)
 <use Bases_Chebychev.png>
Package pdftex.def Info: Bases_Chebychev.png used on input line 203.
(pdftex.def)             Requested size: 289.07928pt x 216.80946pt.

[55

 <./Bases_Chebychev.png (PNG copy)>] [56

] [57

]
Overfull \vbox (9.56409pt too high) detected at line 247
 []

[58

] <Cheby_1D_2.png, id=376, 578.16pt x 433.62pt>
File: Cheby_1D_2.png Graphic file (type png)
 <use Cheby_1D_2.png>
Package pdftex.def Info: Cheby_1D_2.png used on input line 258.
(pdftex.def)             Requested size: 289.07928pt x 216.80946pt.

[59

 <./Cheby_1D_2.png (PNG copy)>]
<Cheby_1D_3.png, id=382, 578.16pt x 433.62pt>
File: Cheby_1D_3.png Graphic file (type png)
 <use Cheby_1D_3.png>
Package pdftex.def Info: Cheby_1D_3.png used on input line 258.
(pdftex.def)             Requested size: 289.07928pt x 216.80946pt.
 [60

 <./Cheby_1D_3.png (PNG copy)>] <Cheby_1D_4.png, id=388, 578.16pt x 433.62pt>
File: Cheby_1D_4.png Graphic file (type png)

<use Cheby_1D_4.png>
Package pdftex.def Info: Cheby_1D_4.png used on input line 258.
(pdftex.def)             Requested size: 289.07928pt x 216.80946pt.
 [61

 <./Cheby_1D_4.png (PNG copy)>]
<Cheby_1D_5.png, id=395, 578.16pt x 433.62pt>
File: Cheby_1D_5.png Graphic file (type png)
 <use Cheby_1D_5.png>
Package pdftex.def Info: Cheby_1D_5.png used on input line 258.
(pdftex.def)             Requested size: 289.07928pt x 216.80946pt.
 [62

 <./Cheby_1D_5.png (PNG copy)>] <Cheby_1D_6.png, id=401, 578.16pt x 433.62pt>
File: Cheby_1D_6.png Graphic file (type png)

<use Cheby_1D_6.png>
Package pdftex.def Info: Cheby_1D_6.png used on input line 258.
(pdftex.def)             Requested size: 289.07928pt x 216.80946pt.
 [63

 <./Cheby_1D_6.png (PNG copy)>]
<Cheby_1D_7.png, id=407, 578.16pt x 433.62pt>
File: Cheby_1D_7.png Graphic file (type png)
 <use Cheby_1D_7.png>
Package pdftex.def Info: Cheby_1D_7.png used on input line 258.
(pdftex.def)             Requested size: 289.07928pt x 216.80946pt.
 [64

 <./Cheby_1D_7.png (PNG copy)>] <Cheby_1D_8.png, id=413, 578.16pt x 433.62pt>
File: Cheby_1D_8.png Graphic file (type png)

<use Cheby_1D_8.png>
Package pdftex.def Info: Cheby_1D_8.png used on input line 258.
(pdftex.def)             Requested size: 289.07928pt x 216.80946pt.
 [65

 <./Cheby_1D_8.png (PNG copy)>]
<Cheby_1D_9.png, id=419, 578.16pt x 433.62pt>
File: Cheby_1D_9.png Graphic file (type png)
 <use Cheby_1D_9.png>
Package pdftex.def Info: Cheby_1D_9.png used on input line 258.
(pdftex.def)             Requested size: 289.07928pt x 216.80946pt.
 [66

 <./Cheby_1D_9.png (PNG copy)>] <Cheby_1D_10.png, id=425, 578.16pt x 433.62pt>
File: Cheby_1D_10.png Graphic file (type png)

<use Cheby_1D_10.png>
Package pdftex.def Info: Cheby_1D_10.png used on input line 258.
(pdftex.def)             Requested size: 289.07928pt x 216.80946pt.
 [67

 <./Cheby_1D_10.png (PNG copy)>]
<Cheby_1D_11.png, id=432, 578.16pt x 433.62pt>
File: Cheby_1D_11.png Graphic file (type png)
 <use Cheby_1D_11.png>
Package pdftex.def Info: Cheby_1D_11.png used on input line 258.
(pdftex.def)             Requested size: 289.07928pt x 216.80946pt.
 [68

 <./Cheby_1D_11.png (PNG copy)>] <Cheby_1D_12.png, id=438, 578.16pt x 433.62pt>
File: Cheby_1D_12.png Graphic file (type png)

<use Cheby_1D_12.png>
Package pdftex.def Info: Cheby_1D_12.png used on input line 258.
(pdftex.def)             Requested size: 289.07928pt x 216.80946pt.
 [69

 <./Cheby_1D_12.png (PNG copy)>]
<Cheby_1D_13.png, id=444, 578.16pt x 433.62pt>
File: Cheby_1D_13.png Graphic file (type png)
 <use Cheby_1D_13.png>
Package pdftex.def Info: Cheby_1D_13.png used on input line 258.
(pdftex.def)             Requested size: 289.07928pt x 216.80946pt.
 [70

 <./Cheby_1D_13.png (PNG copy)>] <Cheby_1D_err_2.png, id=450, 578.16pt x 433.62
pt>
File: Cheby_1D_err_2.png Graphic file (type png)

<use Cheby_1D_err_2.png>
Package pdftex.def Info: Cheby_1D_err_2.png used on input line 269.
(pdftex.def)             Requested size: 289.07928pt x 216.80946pt.
 [71

 <./Cheby_1D_err_2.png (PNG copy)>]
<Cheby_1D_err_3.png, id=456, 578.16pt x 433.62pt>
File: Cheby_1D_err_3.png Graphic file (type png)
 <use Cheby_1D_err_3.png>
Package pdftex.def Info: Cheby_1D_err_3.png used on input line 269.
(pdftex.def)             Requested size: 289.07928pt x 216.80946pt.

[72

 <./Cheby_1D_err_3.png (PNG copy)>]
<Cheby_1D_err_4.png, id=462, 578.16pt x 433.62pt>
File: Cheby_1D_err_4.png Graphic file (type png)
 <use Cheby_1D_err_4.png>
Package pdftex.def Info: Cheby_1D_err_4.png used on input line 269.
(pdftex.def)             Requested size: 289.07928pt x 216.80946pt.

[73

 <./Cheby_1D_err_4.png (PNG copy)>]
<Cheby_1D_err_5.png, id=469, 578.16pt x 433.62pt>
File: Cheby_1D_err_5.png Graphic file (type png)
 <use Cheby_1D_err_5.png>
Package pdftex.def Info: Cheby_1D_err_5.png used on input line 269.
(pdftex.def)             Requested size: 289.07928pt x 216.80946pt.

[74

 <./Cheby_1D_err_5.png (PNG copy)>]
<Cheby_1D_err_6.png, id=475, 578.16pt x 433.62pt>
File: Cheby_1D_err_6.png Graphic file (type png)
 <use Cheby_1D_err_6.png>
Package pdftex.def Info: Cheby_1D_err_6.png used on input line 269.
(pdftex.def)             Requested size: 289.07928pt x 216.80946pt.

[75

 <./Cheby_1D_err_6.png (PNG copy)>]
<Cheby_1D_err_7.png, id=482, 578.16pt x 433.62pt>
File: Cheby_1D_err_7.png Graphic file (type png)
 <use Cheby_1D_err_7.png>
Package pdftex.def Info: Cheby_1D_err_7.png used on input line 269.
(pdftex.def)             Requested size: 289.07928pt x 216.80946pt.

[76

 <./Cheby_1D_err_7.png (PNG copy)>]
<Cheby_1D_err_8.png, id=488, 578.16pt x 433.62pt>
File: Cheby_1D_err_8.png Graphic file (type png)
 <use Cheby_1D_err_8.png>
Package pdftex.def Info: Cheby_1D_err_8.png used on input line 269.
(pdftex.def)             Requested size: 289.07928pt x 216.80946pt.

[77

 <./Cheby_1D_err_8.png (PNG copy)>]
<Cheby_1D_err_9.png, id=494, 578.16pt x 433.62pt>
File: Cheby_1D_err_9.png Graphic file (type png)
 <use Cheby_1D_err_9.png>
Package pdftex.def Info: Cheby_1D_err_9.png used on input line 269.
(pdftex.def)             Requested size: 289.07928pt x 216.80946pt.

[78

 <./Cheby_1D_err_9.png (PNG copy)>]
<Cheby_1D_err_10.png, id=500, 578.16pt x 433.62pt>
File: Cheby_1D_err_10.png Graphic file (type png)
 <use Cheby_1D_err_10.png>
Package pdftex.def Info: Cheby_1D_err_10.png used on input line 269.
(pdftex.def)             Requested size: 289.07928pt x 216.80946pt.

[79

 <./Cheby_1D_err_10.png (PNG copy)>]
<Cheby_1D_err_11.png, id=507, 578.16pt x 433.62pt>
File: Cheby_1D_err_11.png Graphic file (type png)
 <use Cheby_1D_err_11.png>
Package pdftex.def Info: Cheby_1D_err_11.png used on input line 269.
(pdftex.def)             Requested size: 289.07928pt x 216.80946pt.

[80

 <./Cheby_1D_err_11.png (PNG copy)>]
<Cheby_1D_err_12.png, id=513, 578.16pt x 433.62pt>
File: Cheby_1D_err_12.png Graphic file (type png)
 <use Cheby_1D_err_12.png>
Package pdftex.def Info: Cheby_1D_err_12.png used on input line 269.
(pdftex.def)             Requested size: 289.07928pt x 216.80946pt.

[81

 <./Cheby_1D_err_12.png (PNG copy)>]
<Cheby_1D_err_13.png, id=519, 578.16pt x 433.62pt>
File: Cheby_1D_err_13.png Graphic file (type png)
 <use Cheby_1D_err_13.png>
Package pdftex.def Info: Cheby_1D_err_13.png used on input line 269.
(pdftex.def)             Requested size: 289.07928pt x 216.80946pt.

[82

 <./Cheby_1D_err_13.png (PNG copy)>]
Overfull \hbox (10.16452pt too wide) detected at line 285
\OT1/mathkerncmss/m/sl/10.95 z[] \OT1/cmss/m/n/10.95 = \OT1/mathkerncmss/m/sl/1
0.95 cos [] \OML/cmm/m/it/10.95 ;        \OT1/mathkerncmss/m/sl/10.95 z[] \OT1/
cmss/m/n/10.95 = \OT1/mathkerncmss/m/sl/10.95 cos [] \OML/cmm/m/it/10.95 ;    \
OT1/mathkerncmss/m/sl/10.95 j \OT1/cmss/m/n/10.95 = 1\OML/cmm/m/it/10.95 ; :::;
 \OT1/mathkerncmss/m/sl/10.95 n
 []


Overfull \vbox (8.96045pt too high) detected at line 285
 []

[83

] <Monom_2D_1.png, id=531, 578.16pt x 433.62pt>
File: Monom_2D_1.png Graphic file (type png)
 <use Monom_2D_1.png>
Package pdftex.def Info: Monom_2D_1.png used on input line 296.
(pdftex.def)             Requested size: 289.07928pt x 216.80946pt.

[84

 <./Monom_2D_1.png (PNG copy)>]
<Monom_2D_2.png, id=537, 578.16pt x 433.62pt>
File: Monom_2D_2.png Graphic file (type png)
 <use Monom_2D_2.png>
Package pdftex.def Info: Monom_2D_2.png used on input line 296.
(pdftex.def)             Requested size: 289.07928pt x 216.80946pt.
 [85

 <./Monom_2D_2.png (PNG copy)>] <Monom_2D_3.png, id=544, 578.16pt x 433.62pt>
File: Monom_2D_3.png Graphic file (type png)

<use Monom_2D_3.png>
Package pdftex.def Info: Monom_2D_3.png used on input line 296.
(pdftex.def)             Requested size: 289.07928pt x 216.80946pt.
 [86

 <./Monom_2D_3.png (PNG copy)>]
<Monom_2D_4.png, id=550, 578.16pt x 433.62pt>
File: Monom_2D_4.png Graphic file (type png)
 <use Monom_2D_4.png>
Package pdftex.def Info: Monom_2D_4.png used on input line 296.
(pdftex.def)             Requested size: 289.07928pt x 216.80946pt.
 [87

 <./Monom_2D_4.png (PNG copy)>] <Monom_2D_5.png, id=556, 578.16pt x 433.62pt>
File: Monom_2D_5.png Graphic file (type png)

<use Monom_2D_5.png>
Package pdftex.def Info: Monom_2D_5.png used on input line 296.
(pdftex.def)             Requested size: 289.07928pt x 216.80946pt.
 [88

 <./Monom_2D_5.png (PNG copy)>]
<Monom_2D_1_err.png, id=562, 578.16pt x 433.62pt>
File: Monom_2D_1_err.png Graphic file (type png)
 <use Monom_2D_1_err.png>
Package pdftex.def Info: Monom_2D_1_err.png used on input line 306.
(pdftex.def)             Requested size: 289.07928pt x 216.80946pt.

[89

 <./Monom_2D_1_err.png (PNG copy)>]
<Monom_2D_2_err.png, id=568, 578.16pt x 433.62pt>
File: Monom_2D_2_err.png Graphic file (type png)
 <use Monom_2D_2_err.png>
Package pdftex.def Info: Monom_2D_2_err.png used on input line 306.
(pdftex.def)             Requested size: 289.07928pt x 216.80946pt.

[90

 <./Monom_2D_2_err.png (PNG copy)>]
<Monom_2D_3_err.png, id=574, 578.16pt x 433.62pt>
File: Monom_2D_3_err.png Graphic file (type png)
 <use Monom_2D_3_err.png>
Package pdftex.def Info: Monom_2D_3_err.png used on input line 306.
(pdftex.def)             Requested size: 289.07928pt x 216.80946pt.

[91

 <./Monom_2D_3_err.png (PNG copy)>]
<Monom_2D_4_err.png, id=581, 578.16pt x 433.62pt>
File: Monom_2D_4_err.png Graphic file (type png)
 <use Monom_2D_4_err.png>
Package pdftex.def Info: Monom_2D_4_err.png used on input line 306.
(pdftex.def)             Requested size: 289.07928pt x 216.80946pt.

[92

 <./Monom_2D_4_err.png (PNG copy)>]
<Monom_2D_5_err.png, id=587, 578.16pt x 433.62pt>
File: Monom_2D_5_err.png Graphic file (type png)
 <use Monom_2D_5_err.png>
Package pdftex.def Info: Monom_2D_5_err.png used on input line 306.
(pdftex.def)             Requested size: 289.07928pt x 216.80946pt.

[93

 <./Monom_2D_5_err.png (PNG copy)>]
<Cheby_2D_1.png, id=593, 578.16pt x 433.62pt>
File: Cheby_2D_1.png Graphic file (type png)
 <use Cheby_2D_1.png>
Package pdftex.def Info: Cheby_2D_1.png used on input line 318.
(pdftex.def)             Requested size: 289.07928pt x 216.80946pt.
 [94

 <./Cheby_2D_1.png (PNG copy)>] <Cheby_2D_2.png, id=599, 578.16pt x 433.62pt>
File: Cheby_2D_2.png Graphic file (type png)

<use Cheby_2D_2.png>
Package pdftex.def Info: Cheby_2D_2.png used on input line 318.
(pdftex.def)             Requested size: 289.07928pt x 216.80946pt.
 [95

 <./Cheby_2D_2.png (PNG copy)>]
<Cheby_2D_3.png, id=605, 578.16pt x 433.62pt>
File: Cheby_2D_3.png Graphic file (type png)
 <use Cheby_2D_3.png>
Package pdftex.def Info: Cheby_2D_3.png used on input line 318.
(pdftex.def)             Requested size: 289.07928pt x 216.80946pt.
 [96

 <./Cheby_2D_3.png (PNG copy)>] <Cheby_2D_4.png, id=611, 578.16pt x 433.62pt>
File: Cheby_2D_4.png Graphic file (type png)

<use Cheby_2D_4.png>
Package pdftex.def Info: Cheby_2D_4.png used on input line 318.
(pdftex.def)             Requested size: 289.07928pt x 216.80946pt.
 [97

 <./Cheby_2D_4.png (PNG copy)>]
<Cheby_2D_5.png, id=618, 578.16pt x 433.62pt>
File: Cheby_2D_5.png Graphic file (type png)
 <use Cheby_2D_5.png>
Package pdftex.def Info: Cheby_2D_5.png used on input line 318.
(pdftex.def)             Requested size: 289.07928pt x 216.80946pt.
 [98

 <./Cheby_2D_5.png (PNG copy)>] <Cheby_2D_6.png, id=624, 578.16pt x 433.62pt>
File: Cheby_2D_6.png Graphic file (type png)

<use Cheby_2D_6.png>
Package pdftex.def Info: Cheby_2D_6.png used on input line 318.
(pdftex.def)             Requested size: 289.07928pt x 216.80946pt.
 [99

 <./Cheby_2D_6.png (PNG copy)>]
<Cheby_2D_7.png, id=630, 578.16pt x 433.62pt>
File: Cheby_2D_7.png Graphic file (type png)
 <use Cheby_2D_7.png>
Package pdftex.def Info: Cheby_2D_7.png used on input line 318.
(pdftex.def)             Requested size: 289.07928pt x 216.80946pt.
 [100

 <./Cheby_2D_7.png (PNG copy)>] <Cheby_2D_8.png, id=637, 578.16pt x 433.62pt>
File: Cheby_2D_8.png Graphic file (type png)

<use Cheby_2D_8.png>
Package pdftex.def Info: Cheby_2D_8.png used on input line 318.
(pdftex.def)             Requested size: 289.07928pt x 216.80946pt.
 [101

 <./Cheby_2D_8.png (PNG copy)>]
<Cheby_2D_9.png, id=643, 578.16pt x 433.62pt>
File: Cheby_2D_9.png Graphic file (type png)
 <use Cheby_2D_9.png>
Package pdftex.def Info: Cheby_2D_9.png used on input line 318.
(pdftex.def)             Requested size: 289.07928pt x 216.80946pt.
 [102

 <./Cheby_2D_9.png (PNG copy)>] <Cheby_2D_10.png, id=649, 578.16pt x 433.62pt>
File: Cheby_2D_10.png Graphic file (type png)

<use Cheby_2D_10.png>
Package pdftex.def Info: Cheby_2D_10.png used on input line 318.
(pdftex.def)             Requested size: 289.07928pt x 216.80946pt.
 [103

 <./Cheby_2D_10.png (PNG copy)>]
<Cheby_2D_Err1.png, id=656, 578.16pt x 433.62pt>
File: Cheby_2D_Err1.png Graphic file (type png)
 <use Cheby_2D_Err1.png>
Package pdftex.def Info: Cheby_2D_Err1.png used on input line 328.
(pdftex.def)             Requested size: 289.07928pt x 216.80946pt.

[104

 <./Cheby_2D_Err1.png (PNG copy)>]
<Cheby_2D_Err2.png, id=662, 578.16pt x 433.62pt>
File: Cheby_2D_Err2.png Graphic file (type png)
 <use Cheby_2D_Err2.png>
Package pdftex.def Info: Cheby_2D_Err2.png used on input line 328.
(pdftex.def)             Requested size: 289.07928pt x 216.80946pt.

[105

 <./Cheby_2D_Err2.png (PNG copy)>]
<Cheby_2D_Err3.png, id=668, 578.16pt x 433.62pt>
File: Cheby_2D_Err3.png Graphic file (type png)
 <use Cheby_2D_Err3.png>
Package pdftex.def Info: Cheby_2D_Err3.png used on input line 328.
(pdftex.def)             Requested size: 289.07928pt x 216.80946pt.

[106

 <./Cheby_2D_Err3.png (PNG copy)>]
<Cheby_2D_Err4.png, id=674, 578.16pt x 433.62pt>
File: Cheby_2D_Err4.png Graphic file (type png)
 <use Cheby_2D_Err4.png>
Package pdftex.def Info: Cheby_2D_Err4.png used on input line 328.
(pdftex.def)             Requested size: 289.07928pt x 216.80946pt.

[107

 <./Cheby_2D_Err4.png (PNG copy)>]
<Cheby_2D_Err5.png, id=680, 578.16pt x 433.62pt>
File: Cheby_2D_Err5.png Graphic file (type png)
 <use Cheby_2D_Err5.png>
Package pdftex.def Info: Cheby_2D_Err5.png used on input line 328.
(pdftex.def)             Requested size: 289.07928pt x 216.80946pt.

[108

 <./Cheby_2D_Err5.png (PNG copy)>]
<Cheby_2D_Err6.png, id=686, 578.16pt x 433.62pt>
File: Cheby_2D_Err6.png Graphic file (type png)
 <use Cheby_2D_Err6.png>
Package pdftex.def Info: Cheby_2D_Err6.png used on input line 328.
(pdftex.def)             Requested size: 289.07928pt x 216.80946pt.

[109

 <./Cheby_2D_Err6.png (PNG copy)>]
<Cheby_2D_Err7.png, id=693, 578.16pt x 433.62pt>
File: Cheby_2D_Err7.png Graphic file (type png)
 <use Cheby_2D_Err7.png>
Package pdftex.def Info: Cheby_2D_Err7.png used on input line 328.
(pdftex.def)             Requested size: 289.07928pt x 216.80946pt.

[110

 <./Cheby_2D_Err7.png (PNG copy)>]
<Cheby_2D_Err8.png, id=699, 578.16pt x 433.62pt>
File: Cheby_2D_Err8.png Graphic file (type png)
 <use Cheby_2D_Err8.png>
Package pdftex.def Info: Cheby_2D_Err8.png used on input line 328.
(pdftex.def)             Requested size: 289.07928pt x 216.80946pt.

[111

 <./Cheby_2D_Err8.png (PNG copy)>]
<Cheby_2D_Err9.png, id=705, 578.16pt x 433.62pt>
File: Cheby_2D_Err9.png Graphic file (type png)
 <use Cheby_2D_Err9.png>
Package pdftex.def Info: Cheby_2D_Err9.png used on input line 328.
(pdftex.def)             Requested size: 289.07928pt x 216.80946pt.

[112

 <./Cheby_2D_Err9.png (PNG copy)>]
<Cheby_2D_Err10.png, id=711, 578.16pt x 433.62pt>
File: Cheby_2D_Err10.png Graphic file (type png)
 <use Cheby_2D_Err10.png>
Package pdftex.def Info: Cheby_2D_Err10.png used on input line 328.
(pdftex.def)             Requested size: 289.07928pt x 216.80946pt.

[113

 <./Cheby_2D_Err10.png (PNG copy)>] [114

] [115

] [116

]
Package atenddvi Info: Last page = 117.
 [117

]
\tf@nav=\write6
\openout6 = `Lecture-8-Interpolation.nav'.

\tf@toc=\write7
\openout7 = `Lecture-8-Interpolation.toc'.

\tf@snm=\write8
\openout8 = `Lecture-8-Interpolation.snm'.

Package atveryend Info: Empty hook `BeforeClearDocument' on input line 388.
Package atveryend Info: Executing hook `AfterLastShipout' on input line 388.

(./Lecture-8-Interpolation.aux)
Package atveryend Info: Executing hook `AtVeryEndDocument' on input line 388.
Package atveryend Info: Executing hook `AtEndAfterFileList' on input line 388.
Package rerunfilecheck Info: File `Lecture-8-Interpolation.out' has not changed
.
(rerunfilecheck)             Checksum: D41D8CD98F00B204E9800998ECF8427E;0.


LaTeX Font Warning: Size substitutions with differences
(Font)              up to 1.0pt have occurred.

Package atveryend Info: Empty hook `AtVeryVeryEnd' on input line 388.
 )
(\end occurred inside a group at level 1)

### simple group (level 1) entered at line 33 ({)
### bottom level 
Here is how much of TeX's memory you used:
 30749 strings out of 493089
 642043 string characters out of 6134842
 700528 words of memory out of 5000000
 33351 multiletter control sequences out of 15000+600000
 16003 words of font info for 59 fonts, out of 8000000 for 9000
 1141 hyphenation exceptions out of 8191
 56i,11n,67p,10395b,2128s stack positions out of 5000i,500n,10000p,200000b,80000s
</usr/local/texlive/2015/texmf-dist/fonts/type1/public/amsfonts
/cm/cmcsc10.pfb></usr/local/texlive/2015/texmf-dist/fonts/type1/public/amsfonts
/cm/cmex10.pfb></usr/local/texlive/2015/texmf-dist/fonts/type1/public/amsfonts/
cm/cmmi10.pfb></usr/local/texlive/2015/texmf-dist/fonts/type1/public/amsfonts/c
m/cmmi8.pfb></usr/local/texlive/2015/texmf-dist/fonts/type1/public/amsfonts/cm/
cmss10.pfb></usr/local/texlive/2015/texmf-dist/fonts/type1/public/amsfonts/cm/c
mss12.pfb></usr/local/texlive/2015/texmf-dist/fonts/type1/public/amsfonts/cm/cm
ss8.pfb></usr/local/texlive/2015/texmf-dist/fonts/type1/public/amsfonts/cm/cmss
i10.pfb></usr/local/texlive/2015/texmf-dist/fonts/type1/public/amsfonts/cm/cmss
i12.pfb></usr/local/texlive/2015/texmf-dist/fonts/type1/public/amsfonts/cm/cmss
i8.pfb></usr/local/texlive/2015/texmf-dist/fonts/type1/public/amsfonts/cm/cmsy1
0.pfb></usr/local/texlive/2015/texmf-dist/fonts/type1/public/amsfonts/cm/cmsy8.
pfb></usr/local/texlive/2015/texmf-dist/fonts/type1/public/amsfonts/cm/cmtt10.p
fb></usr/local/texlive/2015/texmf-dist/fonts/type1/public/amsfonts/symbols/msam
10.pfb></usr/local/texlive/2015/texmf-dist/fonts/type1/public/amsfonts/symbols/
msam7.pfb>
Output written on Lecture-8-Interpolation.pdf (117 pages, 7362796 bytes).
PDF statistics:
 843 PDF objects out of 1000 (max. 8388607)
 595 compressed objects within 6 object streams
 235 named destinations out of 1000 (max. 500000)
 553 words of extra memory for PDF output out of 10000 (max. 10000000)

